#
# There is insufficient memory for the Java Runtime Environment to continue.
# Native memory allocation (malloc) failed to allocate 32744 bytes for ChunkPool::allocate
# Possible reasons:
#   The system is out of physical RAM or swap space
#   The process is running with CompressedOops enabled, and the Java Heap may be blocking the growth of the native heap
# Possible solutions:
#   Reduce memory load on the system
#   Increase physical memory or swap space
#   Check if swap backing store is full
#   Decrease Java heap size (-Xmx/-Xms)
#   Decrease number of Java threads
#   Decrease Java thread stack sizes (-Xss)
#   Set larger code cache with -XX:ReservedCodeCacheSize=
#   JVM is running with Unscaled Compressed Oops mode in which the Java heap is
#     placed in the first 4GB address space. The Java Heap base address is the
#     maximum limit for the native heap growth. Please use -XX:HeapBaseMinAddress
#     to set the Java Heap base and to place the Java Heap above 4GB virtual address.
# This output file may be truncated or incomplete.
#
#  Out of Memory Error (./src/hotspot/share/memory/arena.cpp:81), pid=1552, tid=11556
#
# JRE version: OpenJDK Runtime Environment (11.0.11+9) (build 11.0.11+9-b60-7590822)
# Java VM: OpenJDK 64-Bit Server VM (11.0.11+9-b60-7590822, mixed mode, tiered, compressed oops, g1 gc, windows-amd64)
# No core dump will be written. Minidumps are not enabled by default on client versions of Windows
#

---------------  S U M M A R Y ------------

Command Line: --add-opens=java.base/java.util=ALL-UNNAMED --add-opens=java.base/java.lang=ALL-UNNAMED --add-opens=java.base/java.lang.invoke=ALL-UNNAMED --add-opens=java.base/java.util=ALL-UNNAMED --add-opens=java.prefs/java.util.prefs=ALL-UNNAMED --add-opens=java.prefs/java.util.prefs=ALL-UNNAMED --add-opens=java.base/java.nio.charset=ALL-UNNAMED --add-opens=java.base/java.net=ALL-UNNAMED --add-opens=java.base/java.util.concurrent.atomic=ALL-UNNAMED -Xmx2048m -Dfile.encoding=UTF-8 -Duser.country=US -Duser.language=en -Duser.variant org.gradle.launcher.daemon.bootstrap.GradleDaemon 7.3.3

Host: Intel(R) Core(TM) i7-9750H CPU @ 2.60GHz, 12 cores, 15G,  Windows 10 , 64 bit Build 19041 (10.0.19041.1706)
Time: Sat Jun 11 12:26:23 2022 SE Asia Standard Time elapsed time: 4385.884214 seconds (0d 1h 13m 5s)

---------------  T H R E A D  ---------------

Current thread (0x00000146a0e71000):  JavaThread "C2 CompilerThread2" daemon [_thread_in_native, id=11556, stack(0x0000000238e00000,0x0000000238f00000)]


Current CompileTask:
C2:4385884 36664 %     4       com.android.tools.r8.internal.mH0::a @ 1589 (6068 bytes)

Stack: [0x0000000238e00000,0x0000000238f00000]
Native frames: (J=compiled Java code, j=interpreted, Vv=VM code, C=native code)
V  [jvm.dll+0x5f214a]
V  [jvm.dll+0x726fb5]
V  [jvm.dll+0x7285cd]
V  [jvm.dll+0x728c83]
V  [jvm.dll+0x243278]
V  [jvm.dll+0xbc78b]
V  [jvm.dll+0xbca3c]
V  [jvm.dll+0xbc638]
V  [jvm.dll+0x5d14e0]
V  [jvm.dll+0x62212e]
V  [jvm.dll+0x198a28]
V  [jvm.dll+0x1fc2ee]
V  [jvm.dll+0x1fb3d4]
V  [jvm.dll+0x183d6c]
V  [jvm.dll+0x209a57]
V  [jvm.dll+0x2082a1]
V  [jvm.dll+0x6ef58f]
V  [jvm.dll+0x6e80b5]
V  [jvm.dll+0x5f1036]
C  [ucrtbase.dll+0x21bb2]
C  [KERNEL32.DLL+0x17034]
C  [ntdll.dll+0x52651]


---------------  P R O C E S S  ---------------

Threads class SMR info:
_java_thread_list=0x000001469d739550, length=57, elements={
0x00000146fbde8800, 0x0000014697758800, 0x0000014697762000, 0x00000146977b8800,
0x00000146977bb000, 0x00000146977bd000, 0x00000146977c0000, 0x00000146977c5800,
0x00000146977c6800, 0x000001469793c800, 0x000001469aef7800, 0x0000014699768000,
0x0000014698f6a000, 0x0000014699f0d000, 0x0000014699f0e800, 0x0000014699f0d800,
0x0000014699f11800, 0x0000014699f0f000, 0x0000014699d2c000, 0x0000014699d2e000,
0x0000014699d28000, 0x0000014699d2f800, 0x0000014699d36000, 0x0000014698ff8800,
0x0000014698ff9000, 0x0000014698ff7800, 0x0000014698ff6800, 0x0000014698ffa000,
0x0000014698ffb000, 0x0000014698ff5000, 0x0000014698ffb800, 0x0000014698ff6000,
0x0000014699000800, 0x00000146a4017800, 0x00000146a401f800, 0x00000146a4023000,
0x00000146a4020800, 0x00000146a401e000, 0x00000146a0e66800, 0x00000146a4030000,
0x00000146a0e78800, 0x00000146a4019000, 0x00000146a4016800, 0x00000146a401a000,
0x00000146a401a800, 0x00000146a0e61800, 0x00000146a0e5e800, 0x00000146a0e68000,
0x00000146a0e71000, 0x00000146a0e6e800, 0x00000146a0e72800, 0x00000146a0e72000,
0x00000146a0e73800, 0x00000146a0e74800, 0x00000146a0e70800, 0x00000146a0e75000,
0x00000146a0e6f800
}

Java Threads: ( => current thread )
  0x00000146fbde8800 JavaThread "main" [_thread_blocked, id=18812, stack(0x000000022b200000,0x000000022b300000)]
  0x0000014697758800 JavaThread "Reference Handler" daemon [_thread_blocked, id=7600, stack(0x000000022b900000,0x000000022ba00000)]
  0x0000014697762000 JavaThread "Finalizer" daemon [_thread_blocked, id=20644, stack(0x000000022ba00000,0x000000022bb00000)]
  0x00000146977b8800 JavaThread "Signal Dispatcher" daemon [_thread_blocked, id=18560, stack(0x000000022bb00000,0x000000022bc00000)]
  0x00000146977bb000 JavaThread "Attach Listener" daemon [_thread_blocked, id=1164, stack(0x000000022bc00000,0x000000022bd00000)]
  0x00000146977bd000 JavaThread "Service Thread" daemon [_thread_blocked, id=20960, stack(0x000000022bd00000,0x000000022be00000)]
  0x00000146977c0000 JavaThread "C2 CompilerThread0" daemon [_thread_in_native, id=21356, stack(0x000000022be00000,0x000000022bf00000)]
  0x00000146977c5800 JavaThread "C1 CompilerThread0" daemon [_thread_blocked, id=19204, stack(0x000000022bf00000,0x000000022c000000)]
  0x00000146977c6800 JavaThread "Sweeper thread" daemon [_thread_blocked, id=5020, stack(0x000000022c000000,0x000000022c100000)]
  0x000001469793c800 JavaThread "Common-Cleaner" daemon [_thread_blocked, id=13780, stack(0x000000022c100000,0x000000022c200000)]
  0x000001469aef7800 JavaThread "Daemon health stats" [_thread_blocked, id=16396, stack(0x000000022c900000,0x000000022ca00000)]
  0x0000014699768000 JavaThread "Incoming local TCP Connector on port 50201" [_thread_in_native, id=13812, stack(0x000000022c300000,0x000000022c400000)]
  0x0000014698f6a000 JavaThread "Daemon periodic checks" [_thread_blocked, id=13516, stack(0x000000022ca00000,0x000000022cb00000)]
  0x0000014699f0d000 JavaThread "Cache worker for journal cache (C:\Users\Admin\.gradle\caches\journal-1)" [_thread_blocked, id=3880, stack(0x000000022d300000,0x000000022d400000)]
  0x0000014699f0e800 JavaThread "File lock request listener" [_thread_in_native, id=4348, stack(0x000000022d400000,0x000000022d500000)]
  0x0000014699f0d800 JavaThread "Cache worker for file hash cache (C:\Users\Admin\.gradle\caches\7.3.3\fileHashes)" [_thread_blocked, id=5132, stack(0x000000022d500000,0x000000022d600000)]
  0x0000014699f11800 JavaThread "File watcher server" daemon [_thread_in_native, id=456, stack(0x000000022dd00000,0x000000022de00000)]
  0x0000014699f0f000 JavaThread "File watcher consumer" daemon [_thread_blocked, id=1276, stack(0x000000022de00000,0x000000022df00000)]
  0x0000014699d2c000 JavaThread "Cache worker for execution history cache (C:\Users\Admin\.gradle\caches\7.3.3\executionHistory)" [_thread_blocked, id=22740, stack(0x000000022e200000,0x000000022e300000)]
  0x0000014699d2e000 JavaThread "jar transforms" [_thread_blocked, id=1692, stack(0x000000022e400000,0x000000022e500000)]
  0x0000014699d28000 JavaThread "Cache worker for file content cache (C:\Users\Admin\.gradle\caches\7.3.3\fileContent)" [_thread_blocked, id=1556, stack(0x000000022e500000,0x000000022e600000)]
  0x0000014699d2f800 JavaThread "jar transforms Thread 2" [_thread_blocked, id=22788, stack(0x000000022e600000,0x000000022e700000)]
  0x0000014699d36000 JavaThread "jar transforms Thread 3" [_thread_blocked, id=5996, stack(0x000000022e800000,0x000000022e900000)]
  0x0000014698ff8800 JavaThread "jar transforms Thread 4" [_thread_blocked, id=1944, stack(0x0000000236200000,0x0000000236300000)]
  0x0000014698ff9000 JavaThread "jar transforms Thread 5" [_thread_blocked, id=4108, stack(0x0000000236300000,0x0000000236400000)]
  0x0000014698ff7800 JavaThread "jar transforms Thread 6" [_thread_blocked, id=2036, stack(0x0000000236400000,0x0000000236500000)]
  0x0000014698ff6800 JavaThread "jar transforms Thread 7" [_thread_blocked, id=21456, stack(0x0000000236500000,0x0000000236600000)]
  0x0000014698ffa000 JavaThread "jar transforms Thread 8" [_thread_blocked, id=15740, stack(0x0000000236600000,0x0000000236700000)]
  0x0000014698ffb000 JavaThread "jar transforms Thread 9" [_thread_blocked, id=21260, stack(0x0000000236700000,0x0000000236800000)]
  0x0000014698ff5000 JavaThread "jar transforms Thread 10" [_thread_blocked, id=18176, stack(0x0000000236800000,0x0000000236900000)]
  0x0000014698ffb800 JavaThread "jar transforms Thread 11" [_thread_blocked, id=13460, stack(0x0000000236900000,0x0000000236a00000)]
  0x0000014698ff6000 JavaThread "jar transforms Thread 12" [_thread_blocked, id=23468, stack(0x0000000236a00000,0x0000000236b00000)]
  0x0000014699000800 JavaThread "Memory manager" [_thread_blocked, id=14844, stack(0x0000000236b00000,0x0000000236c00000)]
  0x00000146a4017800 JavaThread "RMI Scheduler(0)" daemon [_thread_blocked, id=24396, stack(0x000000022d200000,0x000000022d300000)]
  0x00000146a401f800 JavaThread "RMI GC Daemon" daemon [_thread_blocked, id=24416, stack(0x0000000237f00000,0x0000000238000000)]
  0x00000146a4023000 JavaThread "RMI TCP Accept-0" daemon [_thread_in_native, id=24372, stack(0x0000000238000000,0x0000000238100000)]
  0x00000146a4020800 JavaThread "RMI Reaper" [_thread_blocked, id=24572, stack(0x0000000238100000,0x0000000238200000)]
  0x00000146a401e000 JavaThread "Cache worker for Java compile cache (C:\Users\Admin\.gradle\caches\7.3.3\javaCompile)" [_thread_blocked, id=14832, stack(0x0000000238600000,0x0000000238700000)]
  0x00000146a0e66800 JavaThread "ForkJoinPool.commonPool-worker-29" daemon [_thread_blocked, id=25584, stack(0x0000000239b00000,0x0000000239c00000)]
  0x00000146a4030000 JavaThread "ForkJoinPool.commonPool-worker-19" daemon [_thread_blocked, id=8884, stack(0x0000000239000000,0x0000000239100000)]
  0x00000146a0e78800 JavaThread "ForkJoinPool.commonPool-worker-5" daemon [_thread_blocked, id=14012, stack(0x0000000239200000,0x0000000239300000)]
  0x00000146a4019000 JavaThread "Daemon Thread 20" [_thread_blocked, id=22464, stack(0x000000022af00000,0x000000022b000000)]
  0x00000146a4016800 Thread [stack: 0x000000022b000000,0x000000022b100000] [id=3716]
  0x00000146a401a000 Thread [stack: 0x000000022b100000,0x000000022b200000] [id=14788]
  0x00000146a401a800 JavaThread "Daemon worker Thread 20" [_thread_blocked, id=14580, stack(0x000000022cb00000,0x000000022cc00000)]
  0x00000146a0e61800 JavaThread "RMI TCP Connection(66)-127.0.0.1" daemon [_thread_in_native, id=772, stack(0x0000000237c00000,0x0000000237d00000)]
  0x00000146a0e5e800 JavaThread "RMI TCP Connection(67)-127.0.0.1" daemon [_thread_in_native, id=7244, stack(0x0000000237d00000,0x0000000237e00000)]
  0x00000146a0e68000 JavaThread "C2 CompilerThread1" daemon [_thread_in_native, id=5036, stack(0x0000000238d00000,0x0000000238e00000)]
=>0x00000146a0e71000 JavaThread "C2 CompilerThread2" daemon [_thread_in_native, id=11556, stack(0x0000000238e00000,0x0000000238f00000)]
  0x00000146a0e6e800 JavaThread "ForkJoinPool.commonPool-worker-7" daemon [_thread_blocked, id=3536, stack(0x0000000238f00000,0x0000000239000000)]
  0x00000146a0e72800 JavaThread "ForkJoinPool.commonPool-worker-25" daemon [_thread_blocked, id=12592, stack(0x0000000239100000,0x0000000239200000)]
  0x00000146a0e72000 JavaThread "ForkJoinPool.commonPool-worker-11" daemon [_thread_blocked, id=24556, stack(0x0000000239300000,0x0000000239400000)]
  0x00000146a0e73800 JavaThread "ForkJoinPool.commonPool-worker-31" daemon [_thread_blocked, id=24948, stack(0x0000000239400000,0x0000000239500000)]
  0x00000146a0e74800 JavaThread "ForkJoinPool.commonPool-worker-15" daemon [_thread_blocked, id=5084, stack(0x0000000239500000,0x0000000239600000)]
  0x00000146a0e70800 JavaThread "ForkJoinPool.commonPool-worker-1" daemon [_thread_blocked, id=24804, stack(0x0000000239600000,0x0000000239700000)]
  0x00000146a0e75000 JavaThread "ForkJoinPool.commonPool-worker-21" daemon [_thread_blocked, id=19812, stack(0x0000000239700000,0x0000000239800000)]
  0x00000146a0e6f800 JavaThread "ForkJoinPool.commonPool-worker-9" daemon [_thread_blocked, id=9440, stack(0x0000000239800000,0x0000000239900000)]

Other Threads:
  0x0000014697756800 VMThread "VM Thread" [stack: 0x000000022b800000,0x000000022b900000] [id=19700]
  0x0000014697991800 WatcherThread [stack: 0x000000022c200000,0x000000022c300000] [id=9976]
  0x00000146fbe03800 GCTaskThread "GC Thread#0" [stack: 0x000000022b300000,0x000000022b400000] [id=16140]
  0x0000014698878000 GCTaskThread "GC Thread#1" [stack: 0x000000022c400000,0x000000022c500000] [id=18732]
  0x000001469859d000 GCTaskThread "GC Thread#2" [stack: 0x000000022c500000,0x000000022c600000] [id=16984]
  0x000001469883f000 GCTaskThread "GC Thread#3" [stack: 0x000000022c600000,0x000000022c700000] [id=20808]
  0x00000146988c7800 GCTaskThread "GC Thread#4" [stack: 0x000000022c700000,0x000000022c800000] [id=23472]
  0x00000146984ee000 GCTaskThread "GC Thread#5" [stack: 0x000000022c800000,0x000000022c900000] [id=19708]
  0x0000014698866000 GCTaskThread "GC Thread#6" [stack: 0x000000022d600000,0x000000022d700000] [id=22260]
  0x0000014698999800 GCTaskThread "GC Thread#7" [stack: 0x000000022d700000,0x000000022d800000] [id=22264]
  0x00000146993b7800 GCTaskThread "GC Thread#8" [stack: 0x000000022d800000,0x000000022d900000] [id=18512]
  0x0000014699b3e800 GCTaskThread "GC Thread#9" [stack: 0x000000022d900000,0x000000022da00000] [id=23052]
  0x00000146fbe37800 ConcurrentGCThread "G1 Main Marker" [stack: 0x000000022b400000,0x000000022b500000] [id=9164]
  0x00000146fbe39000 ConcurrentGCThread "G1 Conc#0" [stack: 0x000000022b500000,0x000000022b600000] [id=16036]
  0x000001469857b000 ConcurrentGCThread "G1 Conc#1" [stack: 0x000000022da00000,0x000000022db00000] [id=5360]
  0x000001469a0b4800 ConcurrentGCThread "G1 Conc#2" [stack: 0x000000022db00000,0x000000022dc00000] [id=5444]
  0x00000146fbece000 ConcurrentGCThread "G1 Refine#0" [stack: 0x000000022b600000,0x000000022b700000] [id=5772]
  0x000001469a274000 ConcurrentGCThread "G1 Refine#1" [stack: 0x000000022dc00000,0x000000022dd00000] [id=6664]
  0x000001469b802000 ConcurrentGCThread "G1 Refine#2" [stack: 0x000000022cf00000,0x000000022d000000] [id=11832]
  0x000001469e98e000 ConcurrentGCThread "G1 Refine#3" [stack: 0x000000022d100000,0x000000022d200000] [id=24764]
  0x000001469f0a0800 ConcurrentGCThread "G1 Refine#4" [stack: 0x000000022df00000,0x000000022e000000] [id=25368]
  0x0000014696da4800 ConcurrentGCThread "G1 Young RemSet Sampling" [stack: 0x000000022b700000,0x000000022b800000] [id=23396]

Threads with active compile tasks:
C2 CompilerThread04386005 36688       4       com.android.tools.r8.ir.regalloc.b::a (1361 bytes)
C2 CompilerThread14386006 36725 % !   4       com.android.tools.r8.dex.y::c @ 489 (2766 bytes)
C2 CompilerThread24386006 36664 %     4       com.android.tools.r8.internal.mH0::a @ 1589 (6068 bytes)

VM state:not at safepoint (normal execution)

VM Mutex/Monitor currently owned by a thread: None

Heap address: 0x0000000080000000, size: 2048 MB, Compressed Oops mode: 32-bit
Narrow klass base: 0x0000000000000000, Narrow klass shift: 3
Compressed class space size: 1073741824 Address: 0x0000000100000000

Heap:
 garbage-first heap   total 265216K, used 166461K [0x0000000080000000, 0x0000000100000000)
  region size 1024K, 10 young (10240K), 2 survivors (2048K)
 Metaspace       used 144852K, capacity 150444K, committed 151148K, reserved 1179648K
  class space    used 17827K, capacity 19803K, committed 20076K, reserved 1048576K
Heap Regions: E=young(eden), S=young(survivor), O=old, HS=humongous(starts), HC=humongous(continues), CS=collection set, F=free, A=archive, TAMS=top-at-mark-start (previous, next)
|   0|0x0000000080000000, 0x0000000080100000, 0x0000000080100000|100%| O|  |TAMS 0x0000000080100000, 0x0000000080000000| Untracked 
|   1|0x0000000080100000, 0x0000000080200000, 0x0000000080200000|100%| O|  |TAMS 0x0000000080200000, 0x0000000080100000| Untracked 
|   2|0x0000000080200000, 0x0000000080300000, 0x0000000080300000|100%| O|  |TAMS 0x0000000080300000, 0x0000000080200000| Untracked 
|   3|0x0000000080300000, 0x0000000080400000, 0x0000000080400000|100%|HS|  |TAMS 0x0000000080400000, 0x0000000080300000| Complete 
|   4|0x0000000080400000, 0x0000000080500000, 0x0000000080500000|100%|HC|  |TAMS 0x0000000080500000, 0x0000000080400000| Complete 
|   5|0x0000000080500000, 0x0000000080600000, 0x0000000080600000|100%|HC|  |TAMS 0x0000000080600000, 0x0000000080500000| Complete 
|   6|0x0000000080600000, 0x0000000080700000, 0x0000000080700000|100%| O|  |TAMS 0x0000000080700000, 0x0000000080600000| Untracked 
|   7|0x0000000080700000, 0x0000000080800000, 0x0000000080800000|100%| O|  |TAMS 0x0000000080800000, 0x0000000080700000| Untracked 
|   8|0x0000000080800000, 0x0000000080900000, 0x0000000080900000|100%| O|  |TAMS 0x0000000080900000, 0x0000000080800000| Untracked 
|   9|0x0000000080900000, 0x0000000080a00000, 0x0000000080a00000|100%| O|  |TAMS 0x0000000080a00000, 0x0000000080900000| Untracked 
|  10|0x0000000080a00000, 0x0000000080b00000, 0x0000000080b00000|100%| O|  |TAMS 0x0000000080b00000, 0x0000000080a00000| Untracked 
|  11|0x0000000080b00000, 0x0000000080c00000, 0x0000000080c00000|100%| O|  |TAMS 0x0000000080c00000, 0x0000000080b00000| Untracked 
|  12|0x0000000080c00000, 0x0000000080d00000, 0x0000000080d00000|100%| O|  |TAMS 0x0000000080d00000, 0x0000000080c00000| Untracked 
|  13|0x0000000080d00000, 0x0000000080e00000, 0x0000000080e00000|100%| O|  |TAMS 0x0000000080e00000, 0x0000000080d00000| Complete 
|  14|0x0000000080e00000, 0x0000000080f00000, 0x0000000080f00000|100%| O|  |TAMS 0x0000000080f00000, 0x0000000080e00000| Untracked 
|  15|0x0000000080f00000, 0x0000000081000000, 0x0000000081000000|100%| O|  |TAMS 0x0000000081000000, 0x0000000080f00000| Untracked 
|  16|0x0000000081000000, 0x0000000081100000, 0x0000000081100000|100%| O|  |TAMS 0x0000000081100000, 0x0000000081000000| Complete 
|  17|0x0000000081100000, 0x0000000081200000, 0x0000000081200000|100%|HS|  |TAMS 0x0000000081200000, 0x0000000081100000| Complete 
|  18|0x0000000081200000, 0x0000000081300000, 0x0000000081300000|100%|HS|  |TAMS 0x0000000081300000, 0x0000000081200000| Complete 
|  19|0x0000000081300000, 0x0000000081400000, 0x0000000081400000|100%|HS|  |TAMS 0x0000000081400000, 0x0000000081300000| Complete 
|  20|0x0000000081400000, 0x0000000081500000, 0x0000000081500000|100%|HS|  |TAMS 0x0000000081500000, 0x0000000081400000| Complete 
|  21|0x0000000081500000, 0x0000000081600000, 0x0000000081600000|100%|HS|  |TAMS 0x0000000081600000, 0x0000000081500000| Complete 
|  22|0x0000000081600000, 0x0000000081700000, 0x0000000081700000|100%|HC|  |TAMS 0x0000000081700000, 0x0000000081600000| Complete 
|  23|0x0000000081700000, 0x0000000081800000, 0x0000000081800000|100%|HC|  |TAMS 0x0000000081800000, 0x0000000081700000| Complete 
|  24|0x0000000081800000, 0x0000000081900000, 0x0000000081900000|100%|HS|  |TAMS 0x0000000081900000, 0x0000000081800000| Complete 
|  25|0x0000000081900000, 0x0000000081a00000, 0x0000000081a00000|100%|HC|  |TAMS 0x0000000081a00000, 0x0000000081900000| Complete 
|  26|0x0000000081a00000, 0x0000000081b00000, 0x0000000081b00000|100%| O|  |TAMS 0x0000000081b00000, 0x0000000081a00000| Complete 
|  27|0x0000000081b00000, 0x0000000081c00000, 0x0000000081c00000|100%| O|  |TAMS 0x0000000081c00000, 0x0000000081b00000| Complete 
|  28|0x0000000081c00000, 0x0000000081d00000, 0x0000000081d00000|100%| O|  |TAMS 0x0000000081d00000, 0x0000000081c00000| Complete 
|  29|0x0000000081d00000, 0x0000000081e00000, 0x0000000081e00000|100%| O|  |TAMS 0x0000000081e00000, 0x0000000081d00000| Complete 
|  30|0x0000000081e00000, 0x0000000081f00000, 0x0000000081f00000|100%| O|  |TAMS 0x0000000081f00000, 0x0000000081e00000| Complete 
|  31|0x0000000081f00000, 0x0000000082000000, 0x0000000082000000|100%| O|  |TAMS 0x0000000082000000, 0x0000000081f00000| Untracked 
|  32|0x0000000082000000, 0x0000000082100000, 0x0000000082100000|100%| O|  |TAMS 0x0000000082100000, 0x0000000082000000| Untracked 
|  33|0x0000000082100000, 0x0000000082200000, 0x0000000082200000|100%| O|  |TAMS 0x0000000082200000, 0x0000000082100000| Untracked 
|  34|0x0000000082200000, 0x0000000082300000, 0x0000000082300000|100%|HS|  |TAMS 0x0000000082200000, 0x0000000082200000| Complete 
|  35|0x0000000082300000, 0x0000000082400000, 0x0000000082400000|100%|HC|  |TAMS 0x0000000082300000, 0x0000000082300000| Complete 
|  36|0x0000000082400000, 0x0000000082500000, 0x0000000082500000|100%| O|  |TAMS 0x0000000082500000, 0x0000000082400000| Untracked 
|  37|0x0000000082500000, 0x0000000082600000, 0x0000000082600000|100%| O|  |TAMS 0x0000000082600000, 0x0000000082500000| Untracked 
|  38|0x0000000082600000, 0x0000000082700000, 0x0000000082700000|100%| O|  |TAMS 0x0000000082700000, 0x0000000082600000| Complete 
|  39|0x0000000082700000, 0x0000000082800000, 0x0000000082800000|100%| O|  |TAMS 0x0000000082800000, 0x0000000082700000| Complete 
|  40|0x0000000082800000, 0x0000000082900000, 0x0000000082900000|100%| O|  |TAMS 0x0000000082900000, 0x0000000082800000| Untracked 
|  41|0x0000000082900000, 0x0000000082a00000, 0x0000000082a00000|100%| O|  |TAMS 0x0000000082a00000, 0x0000000082900000| Untracked 
|  42|0x0000000082a00000, 0x0000000082b00000, 0x0000000082b00000|100%| O|  |TAMS 0x0000000082b00000, 0x0000000082a00000| Untracked 
|  43|0x0000000082b00000, 0x0000000082c00000, 0x0000000082c00000|100%| O|  |TAMS 0x0000000082c00000, 0x0000000082b00000| Untracked 
|  44|0x0000000082c00000, 0x0000000082d00000, 0x0000000082d00000|100%| O|  |TAMS 0x0000000082d00000, 0x0000000082c00000| Untracked 
|  45|0x0000000082d00000, 0x0000000082e00000, 0x0000000082e00000|100%| O|  |TAMS 0x0000000082e00000, 0x0000000082d00000| Complete 
|  46|0x0000000082e00000, 0x0000000082f00000, 0x0000000082f00000|100%| O|  |TAMS 0x0000000082f00000, 0x0000000082e00000| Untracked 
|  47|0x0000000082f00000, 0x0000000083000000, 0x0000000083000000|100%| O|  |TAMS 0x0000000083000000, 0x0000000082f00000| Untracked 
|  48|0x0000000083000000, 0x0000000083000000, 0x0000000083100000|  0%| F|  |TAMS 0x0000000083000000, 0x0000000083000000| Untracked 
|  49|0x0000000083100000, 0x0000000083200000, 0x0000000083200000|100%| O|  |TAMS 0x0000000083200000, 0x0000000083100000| Complete 
|  50|0x0000000083200000, 0x0000000083300000, 0x0000000083300000|100%| O|  |TAMS 0x0000000083300000, 0x0000000083200000| Complete 
|  51|0x0000000083300000, 0x0000000083400000, 0x0000000083400000|100%| O|  |TAMS 0x0000000083400000, 0x0000000083300000| Complete 
|  52|0x0000000083400000, 0x0000000083500000, 0x0000000083500000|100%| O|  |TAMS 0x0000000083500000, 0x0000000083400000| Complete 
|  53|0x0000000083500000, 0x0000000083600000, 0x0000000083600000|100%| O|  |TAMS 0x0000000083600000, 0x0000000083500000| Untracked 
|  54|0x0000000083600000, 0x0000000083700000, 0x0000000083700000|100%| O|  |TAMS 0x0000000083700000, 0x0000000083600000| Complete 
|  55|0x0000000083700000, 0x0000000083800000, 0x0000000083800000|100%| O|  |TAMS 0x0000000083800000, 0x0000000083700000| Complete 
|  56|0x0000000083800000, 0x0000000083900000, 0x0000000083900000|100%| O|  |TAMS 0x0000000083900000, 0x0000000083800000| Complete 
|  57|0x0000000083900000, 0x0000000083a00000, 0x0000000083a00000|100%|HS|  |TAMS 0x0000000083900000, 0x0000000083900000| Complete 
|  58|0x0000000083a00000, 0x0000000083b00000, 0x0000000083b00000|100%|HC|  |TAMS 0x0000000083a00000, 0x0000000083a00000| Complete 
|  59|0x0000000083b00000, 0x0000000083c00000, 0x0000000083c00000|100%| O|  |TAMS 0x0000000083c00000, 0x0000000083b00000| Complete 
|  60|0x0000000083c00000, 0x0000000083d00000, 0x0000000083d00000|100%| O|  |TAMS 0x0000000083d00000, 0x0000000083c00000| Untracked 
|  61|0x0000000083d00000, 0x0000000083e00000, 0x0000000083e00000|100%| O|  |TAMS 0x0000000083e00000, 0x0000000083d00000| Complete 
|  62|0x0000000083e00000, 0x0000000083f00000, 0x0000000083f00000|100%| O|  |TAMS 0x0000000083f00000, 0x0000000083e00000| Complete 
|  63|0x0000000083f00000, 0x0000000084000000, 0x0000000084000000|100%| O|  |TAMS 0x0000000084000000, 0x0000000083f00000| Complete 
|  64|0x0000000084000000, 0x0000000084100000, 0x0000000084100000|100%| O|  |TAMS 0x0000000084100000, 0x0000000084000000| Untracked 
|  65|0x0000000084100000, 0x0000000084200000, 0x0000000084200000|100%| O|  |TAMS 0x0000000084200000, 0x0000000084100000| Complete 
|  66|0x0000000084200000, 0x0000000084300000, 0x0000000084300000|100%| O|  |TAMS 0x0000000084300000, 0x0000000084200000| Complete 
|  67|0x0000000084300000, 0x0000000084400000, 0x0000000084400000|100%| O|  |TAMS 0x0000000084400000, 0x0000000084300000| Complete 
|  68|0x0000000084400000, 0x0000000084500000, 0x0000000084500000|100%| O|  |TAMS 0x0000000084500000, 0x0000000084400000| Untracked 
|  69|0x0000000084500000, 0x0000000084600000, 0x0000000084600000|100%| O|  |TAMS 0x0000000084600000, 0x0000000084500000| Untracked 
|  70|0x0000000084600000, 0x0000000084700000, 0x0000000084700000|100%| O|  |TAMS 0x0000000084700000, 0x0000000084600000| Complete 
|  71|0x0000000084700000, 0x0000000084800000, 0x0000000084800000|100%| O|  |TAMS 0x0000000084800000, 0x0000000084700000| Complete 
|  72|0x0000000084800000, 0x0000000084900000, 0x0000000084900000|100%| O|  |TAMS 0x0000000084900000, 0x0000000084800000| Complete 
|  73|0x0000000084900000, 0x0000000084a00000, 0x0000000084a00000|100%| O|  |TAMS 0x0000000084a00000, 0x0000000084900000| Complete 
|  74|0x0000000084a00000, 0x0000000084b00000, 0x0000000084b00000|100%| O|  |TAMS 0x0000000084b00000, 0x0000000084a00000| Complete 
|  75|0x0000000084b00000, 0x0000000084b00000, 0x0000000084c00000|  0%| F|  |TAMS 0x0000000084b00000, 0x0000000084b00000| Untracked 
|  76|0x0000000084c00000, 0x0000000084d00000, 0x0000000084d00000|100%| O|  |TAMS 0x0000000084d00000, 0x0000000084c00000| Complete 
|  77|0x0000000084d00000, 0x0000000084e00000, 0x0000000084e00000|100%| O|  |TAMS 0x0000000084e00000, 0x0000000084d00000| Complete 
|  78|0x0000000084e00000, 0x0000000084e00000, 0x0000000084f00000|  0%| F|  |TAMS 0x0000000084e00000, 0x0000000084e00000| Untracked 
|  79|0x0000000084f00000, 0x0000000085000000, 0x0000000085000000|100%| O|  |TAMS 0x0000000085000000, 0x0000000084f00000| Untracked 
|  80|0x0000000085000000, 0x0000000085100000, 0x0000000085100000|100%| O|  |TAMS 0x0000000085100000, 0x0000000085000000| Complete 
|  81|0x0000000085100000, 0x0000000085200000, 0x0000000085200000|100%| O|  |TAMS 0x0000000085200000, 0x0000000085100000| Complete 
|  82|0x0000000085200000, 0x0000000085200000, 0x0000000085300000|  0%| F|  |TAMS 0x0000000085200000, 0x0000000085200000| Untracked 
|  83|0x0000000085300000, 0x0000000085400000, 0x0000000085400000|100%| O|  |TAMS 0x0000000085400000, 0x0000000085300000| Untracked 
|  84|0x0000000085400000, 0x0000000085500000, 0x0000000085500000|100%| O|  |TAMS 0x0000000085500000, 0x0000000085400000| Untracked 
|  85|0x0000000085500000, 0x0000000085600000, 0x0000000085600000|100%| O|  |TAMS 0x0000000085600000, 0x0000000085500000| Complete 
|  86|0x0000000085600000, 0x0000000085700000, 0x0000000085700000|100%| O|  |TAMS 0x0000000085700000, 0x0000000085600000| Untracked 
|  87|0x0000000085700000, 0x0000000085800000, 0x0000000085800000|100%| O|  |TAMS 0x0000000085800000, 0x0000000085700000| Complete 
|  88|0x0000000085800000, 0x0000000085900000, 0x0000000085900000|100%| O|  |TAMS 0x0000000085900000, 0x0000000085800000| Complete 
|  89|0x0000000085900000, 0x0000000085a00000, 0x0000000085a00000|100%| O|  |TAMS 0x0000000085a00000, 0x0000000085900000| Complete 
|  90|0x0000000085a00000, 0x0000000085a00000, 0x0000000085b00000|  0%| F|  |TAMS 0x0000000085a00000, 0x0000000085a00000| Untracked 
|  91|0x0000000085b00000, 0x0000000085c00000, 0x0000000085c00000|100%| O|  |TAMS 0x0000000085c00000, 0x0000000085b00000| Complete 
|  92|0x0000000085c00000, 0x0000000085d00000, 0x0000000085d00000|100%|HS|  |TAMS 0x0000000085c00000, 0x0000000085c00000| Complete 
|  93|0x0000000085d00000, 0x0000000085e00000, 0x0000000085e00000|100%|HC|  |TAMS 0x0000000085d00000, 0x0000000085d00000| Complete 
|  94|0x0000000085e00000, 0x0000000085f00000, 0x0000000085f00000|100%| O|  |TAMS 0x0000000085f00000, 0x0000000085e00000| Untracked 
|  95|0x0000000085f00000, 0x0000000086000000, 0x0000000086000000|100%| O|  |TAMS 0x0000000086000000, 0x0000000085f00000| Untracked 
|  96|0x0000000086000000, 0x0000000086100000, 0x0000000086100000|100%| O|  |TAMS 0x0000000086100000, 0x0000000086000000| Complete 
|  97|0x0000000086100000, 0x0000000086200000, 0x0000000086200000|100%| O|  |TAMS 0x0000000086200000, 0x0000000086100000| Complete 
|  98|0x0000000086200000, 0x0000000086300000, 0x0000000086300000|100%| O|  |TAMS 0x0000000086300000, 0x0000000086200000| Untracked 
|  99|0x0000000086300000, 0x0000000086400000, 0x0000000086400000|100%| O|  |TAMS 0x0000000086400000, 0x0000000086300000| Untracked 
| 100|0x0000000086400000, 0x0000000086400000, 0x0000000086500000|  0%| F|  |TAMS 0x0000000086400000, 0x0000000086400000| Untracked 
| 101|0x0000000086500000, 0x0000000086600000, 0x0000000086600000|100%| O|  |TAMS 0x0000000086600000, 0x0000000086500000| Complete 
| 102|0x0000000086600000, 0x0000000086700000, 0x0000000086700000|100%|HS|  |TAMS 0x0000000086600000, 0x0000000086600000| Complete 
| 103|0x0000000086700000, 0x0000000086800000, 0x0000000086800000|100%|HC|  |TAMS 0x0000000086700000, 0x0000000086700000| Complete 
| 104|0x0000000086800000, 0x00000000868c1a00, 0x0000000086900000| 75%| O|  |TAMS 0x00000000868c1a00, 0x0000000086800000| Untracked 
| 105|0x0000000086900000, 0x0000000086900000, 0x0000000086a00000|  0%| F|  |TAMS 0x0000000086900000, 0x0000000086900000| Untracked 
| 106|0x0000000086a00000, 0x0000000086b00000, 0x0000000086b00000|100%| O|  |TAMS 0x0000000086b00000, 0x0000000086a00000| Complete 
| 107|0x0000000086b00000, 0x0000000086c00000, 0x0000000086c00000|100%| O|  |TAMS 0x0000000086c00000, 0x0000000086b00000| Untracked 
| 108|0x0000000086c00000, 0x0000000086d00000, 0x0000000086d00000|100%| O|  |TAMS 0x0000000086d00000, 0x0000000086c00000| Untracked 
| 109|0x0000000086d00000, 0x0000000086e00000, 0x0000000086e00000|100%| O|  |TAMS 0x0000000086e00000, 0x0000000086d00000| Untracked 
| 110|0x0000000086e00000, 0x0000000086f00000, 0x0000000086f00000|100%| O|  |TAMS 0x0000000086f00000, 0x0000000086e00000| Untracked 
| 111|0x0000000086f00000, 0x0000000087000000, 0x0000000087000000|100%| O|  |TAMS 0x0000000087000000, 0x0000000086f00000| Untracked 
| 112|0x0000000087000000, 0x0000000087100000, 0x0000000087100000|100%| O|  |TAMS 0x0000000087100000, 0x0000000087000000| Complete 
| 113|0x0000000087100000, 0x0000000087200000, 0x0000000087200000|100%|HS|  |TAMS 0x0000000087100000, 0x0000000087100000| Complete 
| 114|0x0000000087200000, 0x0000000087300000, 0x0000000087300000|100%|HC|  |TAMS 0x0000000087200000, 0x0000000087200000| Complete 
| 115|0x0000000087300000, 0x0000000087400000, 0x0000000087400000|100%| O|  |TAMS 0x0000000087400000, 0x0000000087300000| Complete 
| 116|0x0000000087400000, 0x0000000087500000, 0x0000000087500000|100%| O|  |TAMS 0x0000000087500000, 0x0000000087400000| Untracked 
| 117|0x0000000087500000, 0x0000000087600000, 0x0000000087600000|100%| O|  |TAMS 0x0000000087600000, 0x0000000087500000| Complete 
| 118|0x0000000087600000, 0x0000000087700000, 0x0000000087700000|100%| O|  |TAMS 0x0000000087700000, 0x0000000087600000| Complete 
| 119|0x0000000087700000, 0x0000000087800000, 0x0000000087800000|100%| O|  |TAMS 0x0000000087800000, 0x0000000087700000| Complete 
| 120|0x0000000087800000, 0x0000000087900000, 0x0000000087900000|100%| O|  |TAMS 0x0000000087900000, 0x0000000087800000| Complete 
| 121|0x0000000087900000, 0x0000000087a00000, 0x0000000087a00000|100%| O|  |TAMS 0x0000000087a00000, 0x0000000087900000| Complete 
| 122|0x0000000087a00000, 0x0000000087b00000, 0x0000000087b00000|100%| O|  |TAMS 0x0000000087b00000, 0x0000000087a00000| Complete 
| 123|0x0000000087b00000, 0x0000000087c00000, 0x0000000087c00000|100%| O|  |TAMS 0x0000000087c00000, 0x0000000087b00000| Complete 
| 124|0x0000000087c00000, 0x0000000087d00000, 0x0000000087d00000|100%| O|  |TAMS 0x0000000087d00000, 0x0000000087c00000| Untracked 
| 125|0x0000000087d00000, 0x0000000087e00000, 0x0000000087e00000|100%| O|  |TAMS 0x0000000087e00000, 0x0000000087d00000| Untracked 
| 126|0x0000000087e00000, 0x0000000087f00000, 0x0000000087f00000|100%| O|  |TAMS 0x0000000087f00000, 0x0000000087e00000| Complete 
| 127|0x0000000087f00000, 0x0000000088000000, 0x0000000088000000|100%| O|  |TAMS 0x0000000088000000, 0x0000000087f00000| Complete 
| 128|0x0000000088000000, 0x0000000088000000, 0x0000000088100000|  0%| F|  |TAMS 0x0000000088000000, 0x0000000088000000| Untracked 
| 129|0x0000000088100000, 0x0000000088200000, 0x0000000088200000|100%| O|  |TAMS 0x0000000088200000, 0x0000000088100000| Complete 
| 130|0x0000000088200000, 0x0000000088300000, 0x0000000088300000|100%| O|  |TAMS 0x0000000088300000, 0x0000000088200000| Complete 
| 131|0x0000000088300000, 0x0000000088300000, 0x0000000088400000|  0%| F|  |TAMS 0x0000000088300000, 0x0000000088300000| Untracked 
| 132|0x0000000088400000, 0x0000000088500000, 0x0000000088500000|100%| O|  |TAMS 0x0000000088500000, 0x0000000088400000| Complete 
| 133|0x0000000088500000, 0x0000000088500000, 0x0000000088600000|  0%| F|  |TAMS 0x0000000088500000, 0x0000000088500000| Untracked 
| 134|0x0000000088600000, 0x0000000088700000, 0x0000000088700000|100%| O|  |TAMS 0x0000000088700000, 0x0000000088600000| Complete 
| 135|0x0000000088700000, 0x0000000088800000, 0x0000000088800000|100%| O|  |TAMS 0x0000000088800000, 0x0000000088700000| Untracked 
| 136|0x0000000088800000, 0x0000000088900000, 0x0000000088900000|100%| O|  |TAMS 0x0000000088900000, 0x0000000088800000| Untracked 
| 137|0x0000000088900000, 0x0000000088a00000, 0x0000000088a00000|100%|HS|  |TAMS 0x0000000088900000, 0x0000000088900000| Complete 
| 138|0x0000000088a00000, 0x0000000088b00000, 0x0000000088b00000|100%|HC|  |TAMS 0x0000000088a00000, 0x0000000088a00000| Complete 
| 139|0x0000000088b00000, 0x0000000088c00000, 0x0000000088c00000|100%|HS|  |TAMS 0x0000000088b00000, 0x0000000088b00000| Complete 
| 140|0x0000000088c00000, 0x0000000088d00000, 0x0000000088d00000|100%|HC|  |TAMS 0x0000000088c00000, 0x0000000088c00000| Complete 
| 141|0x0000000088d00000, 0x0000000088d00000, 0x0000000088e00000|  0%| F|  |TAMS 0x0000000088d00000, 0x0000000088d00000| Untracked 
| 142|0x0000000088e00000, 0x0000000088f00000, 0x0000000088f00000|100%| O|  |TAMS 0x0000000088f00000, 0x0000000088e00000| Complete 
| 143|0x0000000088f00000, 0x0000000089000000, 0x0000000089000000|100%|HS|  |TAMS 0x0000000088f00000, 0x0000000088f00000| Complete 
| 144|0x0000000089000000, 0x0000000089100000, 0x0000000089100000|100%|HC|  |TAMS 0x0000000089000000, 0x0000000089000000| Complete 
| 145|0x0000000089100000, 0x0000000089200000, 0x0000000089200000|100%|HS|  |TAMS 0x0000000089100000, 0x0000000089100000| Complete 
| 146|0x0000000089200000, 0x0000000089300000, 0x0000000089300000|100%|HC|  |TAMS 0x0000000089200000, 0x0000000089200000| Complete 
| 147|0x0000000089300000, 0x0000000089400000, 0x0000000089400000|100%|HS|  |TAMS 0x0000000089300000, 0x0000000089300000| Complete 
| 148|0x0000000089400000, 0x0000000089500000, 0x0000000089500000|100%|HC|  |TAMS 0x0000000089400000, 0x0000000089400000| Complete 
| 149|0x0000000089500000, 0x0000000089600000, 0x0000000089600000|100%|HS|  |TAMS 0x0000000089500000, 0x0000000089500000| Complete 
| 150|0x0000000089600000, 0x0000000089700000, 0x0000000089700000|100%|HC|  |TAMS 0x0000000089600000, 0x0000000089600000| Complete 
| 151|0x0000000089700000, 0x0000000089700000, 0x0000000089800000|  0%| F|  |TAMS 0x0000000089700000, 0x0000000089700000| Untracked 
| 152|0x0000000089800000, 0x0000000089900000, 0x0000000089900000|100%| O|  |TAMS 0x0000000089900000, 0x0000000089800000| Complete 
| 153|0x0000000089900000, 0x0000000089a00000, 0x0000000089a00000|100%| O|  |TAMS 0x0000000089a00000, 0x0000000089900000| Complete 
| 154|0x0000000089a00000, 0x0000000089b00000, 0x0000000089b00000|100%|HS|  |TAMS 0x0000000089a00000, 0x0000000089a00000| Complete 
| 155|0x0000000089b00000, 0x0000000089c00000, 0x0000000089c00000|100%|HC|  |TAMS 0x0000000089b00000, 0x0000000089b00000| Complete 
| 156|0x0000000089c00000, 0x0000000089d00000, 0x0000000089d00000|100%|HS|  |TAMS 0x0000000089c00000, 0x0000000089c00000| Complete 
| 157|0x0000000089d00000, 0x0000000089e00000, 0x0000000089e00000|100%|HC|  |TAMS 0x0000000089d00000, 0x0000000089d00000| Complete 
| 158|0x0000000089e00000, 0x0000000089f00000, 0x0000000089f00000|100%|HS|  |TAMS 0x0000000089e00000, 0x0000000089e00000| Complete 
| 159|0x0000000089f00000, 0x000000008a000000, 0x000000008a000000|100%|HC|  |TAMS 0x0000000089f00000, 0x0000000089f00000| Complete 
| 160|0x000000008a000000, 0x000000008a100000, 0x000000008a100000|100%|HS|  |TAMS 0x000000008a000000, 0x000000008a000000| Complete 
| 161|0x000000008a100000, 0x000000008a200000, 0x000000008a200000|100%|HC|  |TAMS 0x000000008a100000, 0x000000008a100000| Complete 
| 162|0x000000008a200000, 0x000000008a300000, 0x000000008a300000|100%|HS|  |TAMS 0x000000008a200000, 0x000000008a200000| Complete 
| 163|0x000000008a300000, 0x000000008a400000, 0x000000008a400000|100%|HC|  |TAMS 0x000000008a300000, 0x000000008a300000| Complete 
| 164|0x000000008a400000, 0x000000008a500000, 0x000000008a500000|100%|HS|  |TAMS 0x000000008a400000, 0x000000008a400000| Complete 
| 165|0x000000008a500000, 0x000000008a600000, 0x000000008a600000|100%|HC|  |TAMS 0x000000008a500000, 0x000000008a500000| Complete 
| 166|0x000000008a600000, 0x000000008a600000, 0x000000008a700000|  0%| F|  |TAMS 0x000000008a600000, 0x000000008a600000| Untracked 
| 167|0x000000008a700000, 0x000000008a700000, 0x000000008a800000|  0%| F|  |TAMS 0x000000008a700000, 0x000000008a700000| Untracked 
| 168|0x000000008a800000, 0x000000008a800000, 0x000000008a900000|  0%| F|  |TAMS 0x000000008a800000, 0x000000008a800000| Untracked 
| 169|0x000000008a900000, 0x000000008a900000, 0x000000008aa00000|  0%| F|  |TAMS 0x000000008a900000, 0x000000008a900000| Untracked 
| 170|0x000000008aa00000, 0x000000008aa00000, 0x000000008ab00000|  0%| F|  |TAMS 0x000000008aa00000, 0x000000008aa00000| Untracked 
| 171|0x000000008ab00000, 0x000000008ab00000, 0x000000008ac00000|  0%| F|  |TAMS 0x000000008ab00000, 0x000000008ab00000| Untracked 
| 172|0x000000008ac00000, 0x000000008ac00000, 0x000000008ad00000|  0%| F|  |TAMS 0x000000008ac00000, 0x000000008ac00000| Untracked 
| 173|0x000000008ad00000, 0x000000008ad00000, 0x000000008ae00000|  0%| F|  |TAMS 0x000000008ad00000, 0x000000008ad00000| Untracked 
| 174|0x000000008ae00000, 0x000000008ae00000, 0x000000008af00000|  0%| F|  |TAMS 0x000000008ae00000, 0x000000008ae00000| Untracked 
| 175|0x000000008af00000, 0x000000008af00000, 0x000000008b000000|  0%| F|  |TAMS 0x000000008af00000, 0x000000008af00000| Untracked 
| 176|0x000000008b000000, 0x000000008b000000, 0x000000008b100000|  0%| F|  |TAMS 0x000000008b000000, 0x000000008b000000| Untracked 
| 177|0x000000008b100000, 0x000000008b100000, 0x000000008b200000|  0%| F|  |TAMS 0x000000008b100000, 0x000000008b100000| Untracked 
| 178|0x000000008b200000, 0x000000008b200000, 0x000000008b300000|  0%| F|  |TAMS 0x000000008b200000, 0x000000008b200000| Untracked 
| 179|0x000000008b300000, 0x000000008b300000, 0x000000008b400000|  0%| F|  |TAMS 0x000000008b300000, 0x000000008b300000| Untracked 
| 180|0x000000008b400000, 0x000000008b400000, 0x000000008b500000|  0%| F|  |TAMS 0x000000008b400000, 0x000000008b400000| Untracked 
| 181|0x000000008b500000, 0x000000008b500000, 0x000000008b600000|  0%| F|  |TAMS 0x000000008b500000, 0x000000008b500000| Untracked 
| 182|0x000000008b600000, 0x000000008b600000, 0x000000008b700000|  0%| F|  |TAMS 0x000000008b600000, 0x000000008b600000| Untracked 
| 183|0x000000008b700000, 0x000000008b700000, 0x000000008b800000|  0%| F|  |TAMS 0x000000008b700000, 0x000000008b700000| Untracked 
| 184|0x000000008b800000, 0x000000008b800000, 0x000000008b900000|  0%| F|  |TAMS 0x000000008b800000, 0x000000008b800000| Untracked 
| 185|0x000000008b900000, 0x000000008b900000, 0x000000008ba00000|  0%| F|  |TAMS 0x000000008b900000, 0x000000008b900000| Untracked 
| 186|0x000000008ba00000, 0x000000008ba00000, 0x000000008bb00000|  0%| F|  |TAMS 0x000000008ba00000, 0x000000008ba00000| Untracked 
| 187|0x000000008bb00000, 0x000000008bb00000, 0x000000008bc00000|  0%| F|  |TAMS 0x000000008bb00000, 0x000000008bb00000| Untracked 
| 188|0x000000008bc00000, 0x000000008bc00000, 0x000000008bd00000|  0%| F|  |TAMS 0x000000008bc00000, 0x000000008bc00000| Untracked 
| 189|0x000000008bd00000, 0x000000008bd00000, 0x000000008be00000|  0%| F|  |TAMS 0x000000008bd00000, 0x000000008bd00000| Untracked 
| 190|0x000000008be00000, 0x000000008be00000, 0x000000008bf00000|  0%| F|  |TAMS 0x000000008be00000, 0x000000008be00000| Untracked 
| 191|0x000000008bf00000, 0x000000008bf00000, 0x000000008c000000|  0%| F|  |TAMS 0x000000008bf00000, 0x000000008bf00000| Untracked 
| 192|0x000000008c000000, 0x000000008c000000, 0x000000008c100000|  0%| F|  |TAMS 0x000000008c000000, 0x000000008c000000| Untracked 
| 193|0x000000008c100000, 0x000000008c100000, 0x000000008c200000|  0%| F|  |TAMS 0x000000008c100000, 0x000000008c100000| Untracked 
| 194|0x000000008c200000, 0x000000008c2cdb60, 0x000000008c300000| 80%| S|CS|TAMS 0x000000008c200000, 0x000000008c200000| Complete 
| 195|0x000000008c300000, 0x000000008c400000, 0x000000008c400000|100%| S|CS|TAMS 0x000000008c300000, 0x000000008c300000| Complete 
| 196|0x000000008c400000, 0x000000008c400000, 0x000000008c500000|  0%| F|  |TAMS 0x000000008c400000, 0x000000008c400000| Untracked 
| 197|0x000000008c500000, 0x000000008c500000, 0x000000008c600000|  0%| F|  |TAMS 0x000000008c500000, 0x000000008c500000| Untracked 
| 198|0x000000008c600000, 0x000000008c600000, 0x000000008c700000|  0%| F|  |TAMS 0x000000008c600000, 0x000000008c600000| Untracked 
| 199|0x000000008c700000, 0x000000008c700000, 0x000000008c800000|  0%| F|  |TAMS 0x000000008c700000, 0x000000008c700000| Untracked 
| 200|0x000000008c800000, 0x000000008c800000, 0x000000008c900000|  0%| F|  |TAMS 0x000000008c800000, 0x000000008c800000| Untracked 
| 201|0x000000008c900000, 0x000000008c900000, 0x000000008ca00000|  0%| F|  |TAMS 0x000000008c900000, 0x000000008c900000| Untracked 
| 202|0x000000008ca00000, 0x000000008ca00000, 0x000000008cb00000|  0%| F|  |TAMS 0x000000008ca00000, 0x000000008ca00000| Untracked 
| 203|0x000000008cb00000, 0x000000008cb00000, 0x000000008cc00000|  0%| F|  |TAMS 0x000000008cb00000, 0x000000008cb00000| Untracked 
| 204|0x000000008cc00000, 0x000000008cc00000, 0x000000008cd00000|  0%| F|  |TAMS 0x000000008cc00000, 0x000000008cc00000| Untracked 
| 205|0x000000008cd00000, 0x000000008cd00000, 0x000000008ce00000|  0%| F|  |TAMS 0x000000008cd00000, 0x000000008cd00000| Untracked 
| 206|0x000000008ce00000, 0x000000008ce00000, 0x000000008cf00000|  0%| F|  |TAMS 0x000000008ce00000, 0x000000008ce00000| Untracked 
| 207|0x000000008cf00000, 0x000000008cf00000, 0x000000008d000000|  0%| F|  |TAMS 0x000000008cf00000, 0x000000008cf00000| Untracked 
| 208|0x000000008d000000, 0x000000008d000000, 0x000000008d100000|  0%| F|  |TAMS 0x000000008d000000, 0x000000008d000000| Untracked 
| 209|0x000000008d100000, 0x000000008d100000, 0x000000008d200000|  0%| F|  |TAMS 0x000000008d100000, 0x000000008d100000| Untracked 
| 210|0x000000008d200000, 0x000000008d200000, 0x000000008d300000|  0%| F|  |TAMS 0x000000008d200000, 0x000000008d200000| Untracked 
| 211|0x000000008d300000, 0x000000008d300000, 0x000000008d400000|  0%| F|  |TAMS 0x000000008d300000, 0x000000008d300000| Untracked 
| 212|0x000000008d400000, 0x000000008d400000, 0x000000008d500000|  0%| F|  |TAMS 0x000000008d400000, 0x000000008d400000| Untracked 
| 213|0x000000008d500000, 0x000000008d500000, 0x000000008d600000|  0%| F|  |TAMS 0x000000008d500000, 0x000000008d500000| Untracked 
| 214|0x000000008d600000, 0x000000008d600000, 0x000000008d700000|  0%| F|  |TAMS 0x000000008d600000, 0x000000008d600000| Untracked 
| 215|0x000000008d700000, 0x000000008d700000, 0x000000008d800000|  0%| F|  |TAMS 0x000000008d700000, 0x000000008d700000| Untracked 
| 216|0x000000008d800000, 0x000000008d800000, 0x000000008d900000|  0%| F|  |TAMS 0x000000008d800000, 0x000000008d800000| Untracked 
| 217|0x000000008d900000, 0x000000008d900000, 0x000000008da00000|  0%| F|  |TAMS 0x000000008d900000, 0x000000008d900000| Untracked 
| 218|0x000000008da00000, 0x000000008da00000, 0x000000008db00000|  0%| F|  |TAMS 0x000000008da00000, 0x000000008da00000| Untracked 
| 219|0x000000008db00000, 0x000000008db00000, 0x000000008dc00000|  0%| F|  |TAMS 0x000000008db00000, 0x000000008db00000| Untracked 
| 220|0x000000008dc00000, 0x000000008dc00000, 0x000000008dd00000|  0%| F|  |TAMS 0x000000008dc00000, 0x000000008dc00000| Untracked 
| 221|0x000000008dd00000, 0x000000008dd00000, 0x000000008de00000|  0%| F|  |TAMS 0x000000008dd00000, 0x000000008dd00000| Untracked 
| 222|0x000000008de00000, 0x000000008de00000, 0x000000008df00000|  0%| F|  |TAMS 0x000000008de00000, 0x000000008de00000| Untracked 
| 223|0x000000008df00000, 0x000000008df00000, 0x000000008e000000|  0%| F|  |TAMS 0x000000008df00000, 0x000000008df00000| Untracked 
| 224|0x000000008e000000, 0x000000008e000000, 0x000000008e100000|  0%| F|  |TAMS 0x000000008e000000, 0x000000008e000000| Untracked 
| 225|0x000000008e100000, 0x000000008e100000, 0x000000008e200000|  0%| F|  |TAMS 0x000000008e100000, 0x000000008e100000| Untracked 
| 226|0x000000008e200000, 0x000000008e200000, 0x000000008e300000|  0%| F|  |TAMS 0x000000008e200000, 0x000000008e200000| Untracked 
| 227|0x000000008e300000, 0x000000008e300000, 0x000000008e400000|  0%| F|  |TAMS 0x000000008e300000, 0x000000008e300000| Untracked 
| 228|0x000000008e400000, 0x000000008e400000, 0x000000008e500000|  0%| F|  |TAMS 0x000000008e400000, 0x000000008e400000| Untracked 
| 229|0x000000008e500000, 0x000000008e500000, 0x000000008e600000|  0%| F|  |TAMS 0x000000008e500000, 0x000000008e500000| Untracked 
| 230|0x000000008e600000, 0x000000008e600000, 0x000000008e700000|  0%| F|  |TAMS 0x000000008e600000, 0x000000008e600000| Untracked 
| 231|0x000000008e700000, 0x000000008e700000, 0x000000008e800000|  0%| F|  |TAMS 0x000000008e700000, 0x000000008e700000| Untracked 
| 232|0x000000008e800000, 0x000000008e800000, 0x000000008e900000|  0%| F|  |TAMS 0x000000008e800000, 0x000000008e800000| Untracked 
| 233|0x000000008e900000, 0x000000008e900000, 0x000000008ea00000|  0%| F|  |TAMS 0x000000008e900000, 0x000000008e900000| Untracked 
| 234|0x000000008ea00000, 0x000000008ea00000, 0x000000008eb00000|  0%| F|  |TAMS 0x000000008ea00000, 0x000000008ea00000| Untracked 
| 235|0x000000008eb00000, 0x000000008eb00000, 0x000000008ec00000|  0%| F|  |TAMS 0x000000008eb00000, 0x000000008eb00000| Untracked 
| 236|0x000000008ec00000, 0x000000008ec00000, 0x000000008ed00000|  0%| F|  |TAMS 0x000000008ec00000, 0x000000008ec00000| Untracked 
| 237|0x000000008ed00000, 0x000000008ed00000, 0x000000008ee00000|  0%| F|  |TAMS 0x000000008ed00000, 0x000000008ed00000| Untracked 
| 238|0x000000008ee00000, 0x000000008ee00000, 0x000000008ef00000|  0%| F|  |TAMS 0x000000008ee00000, 0x000000008ee00000| Untracked 
| 239|0x000000008ef00000, 0x000000008ef00000, 0x000000008f000000|  0%| F|  |TAMS 0x000000008ef00000, 0x000000008ef00000| Untracked 
| 240|0x000000008f000000, 0x000000008f000000, 0x000000008f100000|  0%| F|  |TAMS 0x000000008f000000, 0x000000008f000000| Untracked 
| 241|0x000000008f100000, 0x000000008f100000, 0x000000008f200000|  0%| F|  |TAMS 0x000000008f100000, 0x000000008f100000| Untracked 
| 242|0x000000008f200000, 0x000000008f200000, 0x000000008f300000|  0%| F|  |TAMS 0x000000008f200000, 0x000000008f200000| Untracked 
| 243|0x000000008f300000, 0x000000008f300000, 0x000000008f400000|  0%| F|  |TAMS 0x000000008f300000, 0x000000008f300000| Untracked 
| 244|0x000000008f400000, 0x000000008f400000, 0x000000008f500000|  0%| F|  |TAMS 0x000000008f400000, 0x000000008f400000| Untracked 
| 245|0x000000008f500000, 0x000000008f500000, 0x000000008f600000|  0%| F|  |TAMS 0x000000008f500000, 0x000000008f500000| Untracked 
| 246|0x000000008f600000, 0x000000008f600000, 0x000000008f700000|  0%| F|  |TAMS 0x000000008f600000, 0x000000008f600000| Untracked 
| 247|0x000000008f700000, 0x000000008f700000, 0x000000008f800000|  0%| F|  |TAMS 0x000000008f700000, 0x000000008f700000| Untracked 
| 248|0x000000008f800000, 0x000000008f800000, 0x000000008f900000|  0%| F|  |TAMS 0x000000008f800000, 0x000000008f800000| Untracked 
| 249|0x000000008f900000, 0x000000008f900000, 0x000000008fa00000|  0%| F|  |TAMS 0x000000008f900000, 0x000000008f900000| Untracked 
| 250|0x000000008fa00000, 0x000000008fa00000, 0x000000008fb00000|  0%| F|  |TAMS 0x000000008fa00000, 0x000000008fa00000| Untracked 
| 251|0x000000008fb00000, 0x000000008fb96000, 0x000000008fc00000| 58%| E|  |TAMS 0x000000008fb00000, 0x000000008fb00000| Complete 
| 252|0x000000008fc00000, 0x000000008fd00000, 0x000000008fd00000|100%| E|CS|TAMS 0x000000008fc00000, 0x000000008fc00000| Complete 
| 253|0x000000008fd00000, 0x000000008fe00000, 0x000000008fe00000|100%| E|CS|TAMS 0x000000008fd00000, 0x000000008fd00000| Complete 
| 254|0x000000008fe00000, 0x000000008ff00000, 0x000000008ff00000|100%| E|CS|TAMS 0x000000008fe00000, 0x000000008fe00000| Complete 
| 255|0x000000008ff00000, 0x0000000090000000, 0x0000000090000000|100%| E|CS|TAMS 0x000000008ff00000, 0x000000008ff00000| Complete 
| 256|0x0000000090000000, 0x0000000090100000, 0x0000000090100000|100%| E|CS|TAMS 0x0000000090000000, 0x0000000090000000| Complete 
| 257|0x0000000090100000, 0x0000000090200000, 0x0000000090200000|100%| E|CS|TAMS 0x0000000090100000, 0x0000000090100000| Complete 
| 258|0x0000000090200000, 0x0000000090300000, 0x0000000090300000|100%| E|CS|TAMS 0x0000000090200000, 0x0000000090200000| Complete 

Card table byte_map: [0x000001468fa70000,0x000001468fe70000] _byte_map_base: 0x000001468f670000

Marking Bits (Prev, Next): (CMBitMap*) 0x00000146fbe2ecd8, (CMBitMap*) 0x00000146fbe2ed10
 Prev Bits: [0x0000014690270000, 0x0000014692270000)
 Next Bits: [0x0000014692270000, 0x0000014694270000)

Polling page: 0x00000146fa370000

Metaspace:

Usage:
  Non-class:    127.58 MB capacity,   124.05 MB ( 97%) used,     2.89 MB (  2%) free+waste,   653.81 KB ( <1%) overhead. 
      Class:     19.34 MB capacity,    17.41 MB ( 90%) used,     1.65 MB (  9%) free+waste,   285.06 KB (  1%) overhead. 
       Both:    146.92 MB capacity,   141.46 MB ( 96%) used,     4.54 MB (  3%) free+waste,   938.88 KB ( <1%) overhead. 

Virtual space:
  Non-class space:      128.00 MB reserved,     128.00 MB (100%) committed 
      Class space:        1.00 GB reserved,      19.61 MB (  2%) committed 
             Both:        1.13 GB reserved,     147.61 MB ( 13%) committed 

Chunk freelists:
   Non-Class:  431.00 KB
       Class:  258.00 KB
        Both:  689.00 KB

MaxMetaspaceSize: 17179869184.00 GB
CompressedClassSpaceSize: 1.00 GB

CodeHeap 'non-profiled nmethods': size=120000Kb used=28717Kb max_used=28717Kb free=91282Kb
 bounds [0x0000014687ad0000, 0x00000146896f0000, 0x000001468f000000]
CodeHeap 'profiled nmethods': size=120000Kb used=63607Kb max_used=65355Kb free=56392Kb
 bounds [0x00000146805a0000, 0x00000146845d0000, 0x0000014687ad0000]
CodeHeap 'non-nmethods': size=5760Kb used=2402Kb max_used=2517Kb free=3357Kb
 bounds [0x0000014680000000, 0x0000014680290000, 0x00000146805a0000]
 total_blobs=30348 nmethods=29308 adapters=948
 compilation: enabled
              stopped_count=0, restarted_count=0
 full_count=0

Compilation events (20 events):
Event: 4385.563 Thread 0x00000146977c5800 36727       1       com.android.tools.r8.code.V1::u (3 bytes)
Event: 4385.563 Thread 0x00000146977c5800 nmethod 36727 0x00000146896d4390 code [0x00000146896d4540, 0x00000146896d45f8]
Event: 4385.563 Thread 0x00000146977c5800 36728       3       com.android.tools.r8.graph.c1$a::a (50 bytes)
Event: 4385.563 Thread 0x00000146977c5800 nmethod 36728 0x00000146826b8690 code [0x00000146826b88a0, 0x00000146826b8e38]
Event: 4385.582 Thread 0x00000146977c5800 36730       2       org.gradle.internal.execution.history.changes.CachingChangeContainer$CachingVisitor::visitChange (73 bytes)
Event: 4385.582 Thread 0x00000146977c5800 nmethod 36730 0x000001468266f110 code [0x000001468266f2e0, 0x000001468266f4a8]
Event: 4385.586 Thread 0x00000146977c5800 36731       2       com.sun.org.apache.xerces.internal.util.NamespaceSupport::getDeclaredPrefixAt (19 bytes)
Event: 4385.586 Thread 0x00000146977c5800 nmethod 36731 0x000001468266eb90 code [0x000001468266ed40, 0x000001468266ee98]
Event: 4385.630 Thread 0x00000146977c5800 36732       2       javax.crypto.JceSecurity::canUseProvider (13 bytes)
Event: 4385.631 Thread 0x00000146977c5800 nmethod 36732 0x0000014682207c10 code [0x0000014682207dc0, 0x0000014682207ec8]
Event: 4385.631 Thread 0x00000146977c5800 36733       2       java.util.Arrays::fill (21 bytes)
Event: 4385.631 Thread 0x00000146977c5800 nmethod 36733 0x0000014682673210 code [0x00000146826733c0, 0x0000014682673518]
Event: 4385.737 Thread 0x00000146977c5800 36734 %     3       com.sun.crypto.provider.CipherBlockChaining::implDecrypt @ 28 (102 bytes)
Event: 4385.738 Thread 0x00000146977c5800 nmethod 36734% 0x00000146826cde10 code [0x00000146826ce000, 0x00000146826ce678]
Event: 4385.738 Thread 0x00000146977c5800 36735       2       com.google.common.collect.HashBiMap::put (188 bytes)
Event: 4385.740 Thread 0x00000146977c5800 nmethod 36735 0x00000146826ea810 code [0x00000146826eaae0, 0x00000146826eb4d8]
Event: 4385.746 Thread 0x00000146977c5800 36736       2       com.android.builder.files.RelativeFile::getFile (25 bytes)
Event: 4385.746 Thread 0x00000146977c5800 nmethod 36736 0x0000014682672d10 code [0x0000014682672ee0, 0x00000146826730c8]
Event: 4385.797 Thread 0x00000146977c5800 36737       2       java.math.BigInteger::testBit (38 bytes)
Event: 4385.797 Thread 0x00000146977c5800 nmethod 36737 0x0000014682692c10 code [0x0000014682692de0, 0x0000014682692fd8]

GC Heap History (20 events):
Event: 3697.630 GC heap before
{Heap before GC invocations=161 (full 0):
 garbage-first heap   total 265216K, used 212371K [0x0000000080000000, 0x0000000100000000)
  region size 1024K, 86 young (88064K), 2 survivors (2048K)
 Metaspace       used 144583K, capacity 150180K, committed 150892K, reserved 1179648K
  class space    used 17826K, capacity 19803K, committed 20076K, reserved 1048576K
}
Event: 3697.635 GC heap after
{Heap after GC invocations=162 (full 0):
 garbage-first heap   total 265216K, used 129339K [0x0000000080000000, 0x0000000100000000)
  region size 1024K, 4 young (4096K), 4 survivors (4096K)
 Metaspace       used 144583K, capacity 150180K, committed 150892K, reserved 1179648K
  class space    used 17826K, capacity 19803K, committed 20076K, reserved 1048576K
}
Event: 3715.277 GC heap before
{Heap before GC invocations=163 (full 0):
 garbage-first heap   total 265216K, used 247099K [0x0000000080000000, 0x0000000100000000)
  region size 1024K, 89 young (91136K), 4 survivors (4096K)
 Metaspace       used 144638K, capacity 150180K, committed 150892K, reserved 1179648K
  class space    used 17826K, capacity 19803K, committed 20076K, reserved 1048576K
}
Event: 3715.284 GC heap after
{Heap after GC invocations=164 (full 0):
 garbage-first heap   total 265216K, used 133437K [0x0000000080000000, 0x0000000100000000)
  region size 1024K, 11 young (11264K), 11 survivors (11264K)
 Metaspace       used 144638K, capacity 150180K, committed 150892K, reserved 1179648K
  class space    used 17826K, capacity 19803K, committed 20076K, reserved 1048576K
}
Event: 3715.309 GC heap before
{Heap before GC invocations=164 (full 0):
 garbage-first heap   total 265216K, used 134461K [0x0000000080000000, 0x0000000100000000)
  region size 1024K, 12 young (12288K), 11 survivors (11264K)
 Metaspace       used 144638K, capacity 150180K, committed 150892K, reserved 1179648K
  class space    used 17826K, capacity 19803K, committed 20076K, reserved 1048576K
}
Event: 3715.316 GC heap after
{Heap after GC invocations=165 (full 0):
 garbage-first heap   total 265216K, used 123647K [0x0000000080000000, 0x0000000100000000)
  region size 1024K, 1 young (1024K), 1 survivors (1024K)
 Metaspace       used 144638K, capacity 150180K, committed 150892K, reserved 1179648K
  class space    used 17826K, capacity 19803K, committed 20076K, reserved 1048576K
}
Event: 3717.113 GC heap before
{Heap before GC invocations=165 (full 0):
 garbage-first heap   total 265216K, used 190207K [0x0000000080000000, 0x0000000100000000)
  region size 1024K, 68 young (69632K), 1 survivors (1024K)
 Metaspace       used 144654K, capacity 150244K, committed 151148K, reserved 1179648K
  class space    used 17826K, capacity 19803K, committed 20076K, reserved 1048576K
}
Event: 3717.120 GC heap after
{Heap after GC invocations=166 (full 0):
 garbage-first heap   total 265216K, used 124596K [0x0000000080000000, 0x0000000100000000)
  region size 1024K, 2 young (2048K), 2 survivors (2048K)
 Metaspace       used 144654K, capacity 150244K, committed 151148K, reserved 1179648K
  class space    used 17826K, capacity 19803K, committed 20076K, reserved 1048576K
}
Event: 3885.691 GC heap before
{Heap before GC invocations=167 (full 0):
 garbage-first heap   total 265216K, used 251572K [0x0000000080000000, 0x0000000100000000)
  region size 1024K, 94 young (96256K), 2 survivors (2048K)
 Metaspace       used 144687K, capacity 150310K, committed 151148K, reserved 1179648K
  class space    used 17827K, capacity 19803K, committed 20076K, reserved 1048576K
}
Event: 3885.697 GC heap after
{Heap after GC invocations=168 (full 0):
 garbage-first heap   total 265216K, used 130715K [0x0000000080000000, 0x0000000100000000)
  region size 1024K, 9 young (9216K), 9 survivors (9216K)
 Metaspace       used 144687K, capacity 150310K, committed 151148K, reserved 1179648K
  class space    used 17827K, capacity 19803K, committed 20076K, reserved 1048576K
}
Event: 3885.700 GC heap before
{Heap before GC invocations=168 (full 0):
 garbage-first heap   total 265216K, used 133787K [0x0000000080000000, 0x0000000100000000)
  region size 1024K, 12 young (12288K), 9 survivors (9216K)
 Metaspace       used 144687K, capacity 150310K, committed 151148K, reserved 1179648K
  class space    used 17827K, capacity 19803K, committed 20076K, reserved 1048576K
}
Event: 3885.709 GC heap after
{Heap after GC invocations=169 (full 0):
 garbage-first heap   total 265216K, used 124848K [0x0000000080000000, 0x0000000100000000)
  region size 1024K, 2 young (2048K), 2 survivors (2048K)
 Metaspace       used 144687K, capacity 150310K, committed 151148K, reserved 1179648K
  class space    used 17827K, capacity 19803K, committed 20076K, reserved 1048576K
}
Event: 3887.395 GC heap before
{Heap before GC invocations=169 (full 0):
 garbage-first heap   total 265216K, used 183216K [0x0000000080000000, 0x0000000100000000)
  region size 1024K, 61 young (62464K), 2 survivors (2048K)
 Metaspace       used 144711K, capacity 150374K, committed 151148K, reserved 1179648K
  class space    used 17827K, capacity 19803K, committed 20076K, reserved 1048576K
}
Event: 3887.401 GC heap after
{Heap after GC invocations=170 (full 0):
 garbage-first heap   total 265216K, used 125178K [0x0000000080000000, 0x0000000100000000)
  region size 1024K, 2 young (2048K), 2 survivors (2048K)
 Metaspace       used 144711K, capacity 150374K, committed 151148K, reserved 1179648K
  class space    used 17827K, capacity 19803K, committed 20076K, reserved 1048576K
}
Event: 4383.755 GC heap before
{Heap before GC invocations=171 (full 0):
 garbage-first heap   total 265216K, used 254202K [0x0000000080000000, 0x0000000100000000)
  region size 1024K, 95 young (97280K), 2 survivors (2048K)
 Metaspace       used 144806K, capacity 150438K, committed 151148K, reserved 1179648K
  class space    used 17827K, capacity 19803K, committed 20076K, reserved 1048576K
}
Event: 4383.762 GC heap after
{Heap after GC invocations=172 (full 0):
 garbage-first heap   total 265216K, used 131936K [0x0000000080000000, 0x0000000100000000)
  region size 1024K, 9 young (9216K), 9 survivors (9216K)
 Metaspace       used 144806K, capacity 150438K, committed 151148K, reserved 1179648K
  class space    used 17827K, capacity 19803K, committed 20076K, reserved 1048576K
}
Event: 4383.810 GC heap before
{Heap before GC invocations=172 (full 0):
 garbage-first heap   total 265216K, used 133984K [0x0000000080000000, 0x0000000100000000)
  region size 1024K, 12 young (12288K), 9 survivors (9216K)
 Metaspace       used 144807K, capacity 150438K, committed 151148K, reserved 1179648K
  class space    used 17827K, capacity 19803K, committed 20076K, reserved 1048576K
}
Event: 4383.817 GC heap after
{Heap after GC invocations=173 (full 0):
 garbage-first heap   total 265216K, used 123910K [0x0000000080000000, 0x0000000100000000)
  region size 1024K, 2 young (2048K), 2 survivors (2048K)
 Metaspace       used 144807K, capacity 150438K, committed 151148K, reserved 1179648K
  class space    used 17827K, capacity 19803K, committed 20076K, reserved 1048576K
}
Event: 4385.755 GC heap before
{Heap before GC invocations=173 (full 0):
 garbage-first heap   total 265216K, used 184326K [0x0000000080000000, 0x0000000100000000)
  region size 1024K, 63 young (64512K), 2 survivors (2048K)
 Metaspace       used 144846K, capacity 150444K, committed 151148K, reserved 1179648K
  class space    used 17827K, capacity 19803K, committed 20076K, reserved 1048576K
}
Event: 4385.762 GC heap after
{Heap after GC invocations=174 (full 0):
 garbage-first heap   total 265216K, used 124477K [0x0000000080000000, 0x0000000100000000)
  region size 1024K, 2 young (2048K), 2 survivors (2048K)
 Metaspace       used 144846K, capacity 150444K, committed 151148K, reserved 1179648K
  class space    used 17827K, capacity 19803K, committed 20076K, reserved 1048576K
}

Deoptimization events (20 events):
Event: 4385.426 Thread 0x00000146a0e62800 Uncommon trap: trap_request=0xffffffd6 fr.pc=0x000001468962ad7c relative=0x00000000000003bc
Event: 4385.426 Thread 0x00000146a0e62800 Uncommon trap: reason=array_check action=maybe_recompile pc=0x000001468962ad7c method=java.util.Arrays.fill([Ljava/lang/Object;IILjava/lang/Object;)V @ 20 c2
Event: 4385.426 Thread 0x00000146a0e62800 DEOPT PACKING pc=0x000001468962ad7c sp=0x0000000237efdd10
Event: 4385.426 Thread 0x00000146a0e62800 DEOPT UNPACKING pc=0x000001468002662f sp=0x0000000237efdcd8 mode 2
Event: 4385.446 Thread 0x00000146a0e65800 Uncommon trap: trap_request=0xffffffbe fr.pc=0x00000146896385bc relative=0x000000000000097c
Event: 4385.447 Thread 0x00000146a0e65800 Uncommon trap: reason=profile_predicate action=maybe_recompile pc=0x00000146896385bc method=com.android.tools.r8.ir.regalloc.b.a(ILcom/android/tools/r8/internal/Bk1;ZI)I @ 12 c2
Event: 4385.447 Thread 0x00000146a0e65800 DEOPT PACKING pc=0x00000146896385bc sp=0x00000002382fc9b0
Event: 4385.447 Thread 0x00000146a0e65800 DEOPT UNPACKING pc=0x000001468002662f sp=0x00000002382fc930 mode 2
Event: 4385.447 Thread 0x00000146a0e65800 Uncommon trap: trap_request=0xffffffbe fr.pc=0x00000146896385bc relative=0x000000000000097c
Event: 4385.447 Thread 0x00000146a0e65800 Uncommon trap: reason=profile_predicate action=maybe_recompile pc=0x00000146896385bc method=com.android.tools.r8.ir.regalloc.b.a(ILcom/android/tools/r8/internal/Bk1;ZI)I @ 12 c2
Event: 4385.447 Thread 0x00000146a0e65800 DEOPT PACKING pc=0x00000146896385bc sp=0x00000002382fc9b0
Event: 4385.447 Thread 0x00000146a0e65800 DEOPT UNPACKING pc=0x000001468002662f sp=0x00000002382fc930 mode 2
Event: 4385.447 Thread 0x00000146a0e65800 Uncommon trap: trap_request=0xffffffbe fr.pc=0x00000146896385bc relative=0x000000000000097c
Event: 4385.447 Thread 0x00000146a0e65800 Uncommon trap: reason=profile_predicate action=maybe_recompile pc=0x00000146896385bc method=com.android.tools.r8.ir.regalloc.b.a(ILcom/android/tools/r8/internal/Bk1;ZI)I @ 12 c2
Event: 4385.447 Thread 0x00000146a0e65800 DEOPT PACKING pc=0x00000146896385bc sp=0x00000002382fc9b0
Event: 4385.447 Thread 0x00000146a0e65800 DEOPT UNPACKING pc=0x000001468002662f sp=0x00000002382fc930 mode 2
Event: 4385.447 Thread 0x00000146a0e65800 Uncommon trap: trap_request=0xffffffbe fr.pc=0x00000146896385bc relative=0x000000000000097c
Event: 4385.447 Thread 0x00000146a0e65800 Uncommon trap: reason=profile_predicate action=maybe_recompile pc=0x00000146896385bc method=com.android.tools.r8.ir.regalloc.b.a(ILcom/android/tools/r8/internal/Bk1;ZI)I @ 12 c2
Event: 4385.447 Thread 0x00000146a0e65800 DEOPT PACKING pc=0x00000146896385bc sp=0x00000002382fc9b0
Event: 4385.447 Thread 0x00000146a0e65800 DEOPT UNPACKING pc=0x000001468002662f sp=0x00000002382fc930 mode 2

Classes redefined (0 events):
No events

Internal exceptions (20 events):
Event: 3887.228 Thread 0x00000146a4028800 Exception <a 'sun/nio/fs/WindowsException'{0x000000008dc43428}> (0x000000008dc43428) thrown at [./src/hotspot/share/prims/jni.cpp, line 615]
Event: 3887.244 Thread 0x00000146a4028800 Exception <a 'sun/nio/fs/WindowsException'{0x000000008d611f40}> (0x000000008d611f40) thrown at [./src/hotspot/share/prims/jni.cpp, line 615]
Event: 3887.546 Thread 0x0000014698ffd000 Exception <a 'sun/nio/fs/WindowsException'{0x00000000902f6990}> (0x00000000902f6990) thrown at [./src/hotspot/share/prims/jni.cpp, line 615]
Event: 3887.547 Thread 0x0000014698ffd000 Exception <a 'sun/nio/fs/WindowsException'{0x00000000902f6af0}> (0x00000000902f6af0) thrown at [./src/hotspot/share/prims/jni.cpp, line 615]
Event: 3887.547 Thread 0x0000014698ffd000 Exception <a 'sun/nio/fs/WindowsException'{0x00000000902f83e0}> (0x00000000902f83e0) thrown at [./src/hotspot/share/prims/jni.cpp, line 615]
Event: 4383.165 Thread 0x00000146a401a800 Exception <a 'sun/nio/fs/WindowsException'{0x000000008da8f718}> (0x000000008da8f718) thrown at [./src/hotspot/share/prims/jni.cpp, line 615]
Event: 4383.257 Thread 0x00000146a401a800 Exception <a 'sun/nio/fs/WindowsException'{0x000000008cc31930}> (0x000000008cc31930) thrown at [./src/hotspot/share/prims/jni.cpp, line 615]
Event: 4383.265 Thread 0x00000146a401a800 Exception <a 'sun/nio/fs/WindowsException'{0x000000008cccf2e8}> (0x000000008cccf2e8) thrown at [./src/hotspot/share/prims/jni.cpp, line 615]
Event: 4383.265 Thread 0x00000146a401a800 Exception <a 'sun/nio/fs/WindowsException'{0x000000008ccd0528}> (0x000000008ccd0528) thrown at [./src/hotspot/share/prims/jni.cpp, line 615]
Event: 4383.266 Thread 0x00000146a401a800 Exception <a 'sun/nio/fs/WindowsException'{0x000000008ccd17b8}> (0x000000008ccd17b8) thrown at [./src/hotspot/share/prims/jni.cpp, line 615]
Event: 4383.266 Thread 0x00000146a401a800 Exception <a 'sun/nio/fs/WindowsException'{0x000000008ccd2a48}> (0x000000008ccd2a48) thrown at [./src/hotspot/share/prims/jni.cpp, line 615]
Event: 4383.825 Thread 0x00000146a0e5f000 Exception <a 'java/lang/InterruptedException'{0x000000008fd677a8}> (0x000000008fd677a8) thrown at [./src/hotspot/share/runtime/objectMonitor.cpp, line 1635]
Event: 4385.437 Thread 0x00000146a0e65800 Exception <a 'sun/nio/fs/WindowsException'{0x000000008ecd6ba8}> (0x000000008ecd6ba8) thrown at [./src/hotspot/share/prims/jni.cpp, line 615]
Event: 4385.438 Thread 0x00000146a0e61000 Exception <a 'sun/nio/fs/WindowsException'{0x000000008eb61128}> (0x000000008eb61128) thrown at [./src/hotspot/share/prims/jni.cpp, line 615]
Event: 4385.439 Thread 0x00000146a0e69000 Exception <a 'sun/nio/fs/WindowsException'{0x000000008ebaa9a0}> (0x000000008ebaa9a0) thrown at [./src/hotspot/share/prims/jni.cpp, line 615]
Event: 4385.452 Thread 0x00000146a0e61000 Exception <a 'sun/nio/fs/WindowsException'{0x000000008e54c3f8}> (0x000000008e54c3f8) thrown at [./src/hotspot/share/prims/jni.cpp, line 615]
Event: 4385.453 Thread 0x00000146a0e69000 Exception <a 'sun/nio/fs/WindowsException'{0x000000008e5ecc38}> (0x000000008e5ecc38) thrown at [./src/hotspot/share/prims/jni.cpp, line 615]
Event: 4385.497 Thread 0x00000146a0e65800 Exception <a 'sun/nio/fs/WindowsException'{0x000000008dcb8fc8}> (0x000000008dcb8fc8) thrown at [./src/hotspot/share/prims/jni.cpp, line 615]
Event: 4385.548 Thread 0x00000146a0e69800 Exception <a 'sun/nio/fs/WindowsException'{0x000000008dabb320}> (0x000000008dabb320) thrown at [./src/hotspot/share/prims/jni.cpp, line 615]
Event: 4385.565 Thread 0x00000146a0e69800 Exception <a 'sun/nio/fs/WindowsException'{0x000000008d48da08}> (0x000000008d48da08) thrown at [./src/hotspot/share/prims/jni.cpp, line 615]

Events (20 events):
Event: 4385.763 Executing coalesced safepoint VM operation: RevokeBias
Event: 4385.763 Executing coalesced safepoint VM operation: RevokeBias done
Event: 4385.763 Executing VM operation: RevokeBias done
Event: 4385.763 Executing VM operation: RevokeBias
Event: 4385.763 Executing VM operation: RevokeBias done
Event: 4385.763 Executing VM operation: RevokeBias
Event: 4385.764 Executing VM operation: RevokeBias done
Event: 4385.764 Executing VM operation: RevokeBias
Event: 4385.764 Executing VM operation: RevokeBias done
Event: 4385.764 Thread 0x00000146a0e72000 Thread added: 0x00000146a0e72000
Event: 4385.764 Thread 0x00000146a0e73800 Thread added: 0x00000146a0e73800
Event: 4385.765 Thread 0x00000146a0e74800 Thread added: 0x00000146a0e74800
Event: 4385.765 Thread 0x00000146a0e70800 Thread added: 0x00000146a0e70800
Event: 4385.765 Thread 0x00000146a0e75000 Thread added: 0x00000146a0e75000
Event: 4385.765 Thread 0x00000146a0e6f800 Thread added: 0x00000146a0e6f800
Event: 4385.766 Thread 0x00000146a0e5f000 Thread exited: 0x00000146a0e5f000
Event: 4385.861 Executing VM operation: CGC_Operation
Event: 4385.874 Executing VM operation: CGC_Operation done
Event: 4385.874 Executing VM operation: RevokeBias
Event: 4385.876 Executing VM operation: RevokeBias done


Dynamic libraries:
0x00007ff7c4ab0000 - 0x00007ff7c4aba000 	E:\android studio\jre\bin\java.exe
0x00007ff840950000 - 0x00007ff840b45000 	C:\WINDOWS\SYSTEM32\ntdll.dll
0x00007ff83f540000 - 0x00007ff83f5fd000 	C:\WINDOWS\System32\KERNEL32.DLL
0x00007ff83e060000 - 0x00007ff83e32d000 	C:\WINDOWS\System32\KERNELBASE.dll
0x00007ff83e400000 - 0x00007ff83e500000 	C:\WINDOWS\System32\ucrtbase.dll
0x00007fffed630000 - 0x00007fffed649000 	E:\android studio\jre\bin\jli.dll
0x00007ffff5f80000 - 0x00007ffff5f97000 	E:\android studio\jre\bin\VCRUNTIME140.dll
0x00007ff83f110000 - 0x00007ff83f2b0000 	C:\WINDOWS\System32\USER32.dll
0x00007ff83e360000 - 0x00007ff83e382000 	C:\WINDOWS\System32\win32u.dll
0x00007ff83f600000 - 0x00007ff83f62a000 	C:\WINDOWS\System32\GDI32.dll
0x00007ff83e750000 - 0x00007ff83e85b000 	C:\WINDOWS\System32\gdi32full.dll
0x00007ff83e500000 - 0x00007ff83e59d000 	C:\WINDOWS\System32\msvcp_win.dll
0x00007ff828e20000 - 0x00007ff8290ba000 	C:\WINDOWS\WinSxS\amd64_microsoft.windows.common-controls_6595b64144ccf1df_6.0.19041.1110_none_60b5254171f9507e\COMCTL32.dll
0x00007ff83fde0000 - 0x00007ff83fe7e000 	C:\WINDOWS\System32\msvcrt.dll
0x00007ff83fd40000 - 0x00007ff83fd70000 	C:\WINDOWS\System32\IMM32.DLL
0x00007fffd9970000 - 0x00007fffd9a0d000 	E:\android studio\jre\bin\msvcp140.dll
0x00007fffc8df0000 - 0x00007fffc98c5000 	E:\android studio\jre\bin\server\jvm.dll
0x00007ff83ed00000 - 0x00007ff83edae000 	C:\WINDOWS\System32\ADVAPI32.dll
0x00007ff83f760000 - 0x00007ff83f7fc000 	C:\WINDOWS\System32\sechost.dll
0x00007ff83fe80000 - 0x00007ff83ffa5000 	C:\WINDOWS\System32\RPCRT4.dll
0x00007ff83ef40000 - 0x00007ff83ef48000 	C:\WINDOWS\System32\PSAPI.DLL
0x00007ff82bdb0000 - 0x00007ff82bdb9000 	C:\WINDOWS\SYSTEM32\WSOCK32.dll
0x00007ff83fd70000 - 0x00007ff83fddb000 	C:\WINDOWS\System32\WS2_32.dll
0x00007ff81e110000 - 0x00007ff81e137000 	C:\WINDOWS\SYSTEM32\WINMM.dll
0x00007ff837190000 - 0x00007ff83719a000 	C:\WINDOWS\SYSTEM32\VERSION.dll
0x00007ff83c8f0000 - 0x00007ff83c902000 	C:\WINDOWS\SYSTEM32\kernel.appcore.dll
0x00007ff838300000 - 0x00007ff838311000 	E:\android studio\jre\bin\verify.dll
0x00007ff83be60000 - 0x00007ff83c044000 	C:\WINDOWS\SYSTEM32\DBGHELP.DLL
0x00007ff82b9b0000 - 0x00007ff82b9dc000 	C:\WINDOWS\SYSTEM32\dbgcore.DLL
0x00007ff83e860000 - 0x00007ff83e8e2000 	C:\WINDOWS\System32\bcryptPrimitives.dll
0x00007ff837a80000 - 0x00007ff837aa9000 	E:\android studio\jre\bin\java.dll
0x00007ff8382f0000 - 0x00007ff8382fb000 	E:\android studio\jre\bin\jimage.dll
0x00007ff837a60000 - 0x00007ff837a78000 	E:\android studio\jre\bin\zip.dll
0x00007ff840100000 - 0x00007ff840844000 	C:\WINDOWS\System32\SHELL32.dll
0x00007ff83c140000 - 0x00007ff83c8d4000 	C:\WINDOWS\SYSTEM32\windows.storage.dll
0x00007ff83e9a0000 - 0x00007ff83ecf4000 	C:\WINDOWS\System32\combase.dll
0x00007ff83dac0000 - 0x00007ff83daec000 	C:\WINDOWS\SYSTEM32\Wldp.dll
0x00007ff840860000 - 0x00007ff84090d000 	C:\WINDOWS\System32\SHCORE.dll
0x00007ff83ffd0000 - 0x00007ff840025000 	C:\WINDOWS\System32\shlwapi.dll
0x00007ff83dfa0000 - 0x00007ff83dfbf000 	C:\WINDOWS\SYSTEM32\profapi.dll
0x00007ff836c50000 - 0x00007ff836c6a000 	E:\android studio\jre\bin\net.dll
0x00007ff835500000 - 0x00007ff83560a000 	C:\WINDOWS\SYSTEM32\WINHTTP.dll
0x00007ff83d7b0000 - 0x00007ff83d81a000 	C:\WINDOWS\system32\mswsock.dll
0x00007ff800100000 - 0x00007ff800114000 	E:\android studio\jre\bin\nio.dll
0x00007fffea6e0000 - 0x00007fffea707000 	C:\Users\Admin\.gradle\native\e1d6ef7f7dcc3fd88c89a11ec53ec762bb8ba0a96d01ffa2cd45eb1d1d8dd5c5\windows-amd64\native-platform.dll
0x00007fffd92f0000 - 0x00007fffd9434000 	C:\Users\Admin\.gradle\native\5664cfc778a61ccfe75a443a1ab52a65af34e5dc3c78e0209fed803814484fcb\windows-amd64\native-platform-file-events.dll
0x00007ff8382e0000 - 0x00007ff8382ea000 	E:\android studio\jre\bin\management.dll
0x00007ff80e210000 - 0x00007ff80e21d000 	E:\android studio\jre\bin\management_ext.dll
0x00007ff83d9a0000 - 0x00007ff83d9b8000 	C:\WINDOWS\SYSTEM32\CRYPTSP.dll
0x00007ff83d0d0000 - 0x00007ff83d104000 	C:\WINDOWS\system32\rsaenh.dll
0x00007ff83e330000 - 0x00007ff83e357000 	C:\WINDOWS\System32\bcrypt.dll
0x00007ff83df60000 - 0x00007ff83df8e000 	C:\WINDOWS\SYSTEM32\USERENV.dll
0x00007ff83d9c0000 - 0x00007ff83d9cc000 	C:\WINDOWS\SYSTEM32\CRYPTBASE.dll
0x00007ff83d4a0000 - 0x00007ff83d4db000 	C:\WINDOWS\SYSTEM32\IPHLPAPI.DLL
0x00007ff83ef50000 - 0x00007ff83ef58000 	C:\WINDOWS\System32\NSI.dll
0x00007ff836360000 - 0x00007ff836377000 	C:\WINDOWS\SYSTEM32\dhcpcsvc6.DLL
0x00007ff836310000 - 0x00007ff83632d000 	C:\WINDOWS\SYSTEM32\dhcpcsvc.DLL
0x00007ff83d4e0000 - 0x00007ff83d5ab000 	C:\WINDOWS\SYSTEM32\DNSAPI.dll
0x00007ff82c4d0000 - 0x00007ff82c4ee000 	C:\Users\Admin\AppData\Local\Temp\native-platform17376850720155935890dir\native-platform.dll
0x00007ff82d020000 - 0x00007ff82d028000 	E:\android studio\jre\bin\rmi.dll
0x00007fffed9d0000 - 0x00007fffed9f7000 	E:\android studio\jre\bin\sunec.dll
0x00007ff83cd60000 - 0x00007ff83cd93000 	C:\WINDOWS\SYSTEM32\ntmarta.dll

dbghelp: loaded successfully - version: 4.0.5 - missing functions: none
symbol engine: initialized successfully - sym options: 0x614 - pdb path: .;E:\android studio\jre\bin;C:\WINDOWS\SYSTEM32;C:\WINDOWS\WinSxS\amd64_microsoft.windows.common-controls_6595b64144ccf1df_6.0.19041.1110_none_60b5254171f9507e;E:\android studio\jre\bin\server;C:\Users\Admin\.gradle\native\e1d6ef7f7dcc3fd88c89a11ec53ec762bb8ba0a96d01ffa2cd45eb1d1d8dd5c5\windows-amd64;C:\Users\Admin\.gradle\native\5664cfc778a61ccfe75a443a1ab52a65af34e5dc3c78e0209fed803814484fcb\windows-amd64;C:\Users\Admin\AppData\Local\Temp\native-platform17376850720155935890dir

VM Arguments:
jvm_args: --add-opens=java.base/java.util=ALL-UNNAMED --add-opens=java.base/java.lang=ALL-UNNAMED --add-opens=java.base/java.lang.invoke=ALL-UNNAMED --add-opens=java.base/java.util=ALL-UNNAMED --add-opens=java.prefs/java.util.prefs=ALL-UNNAMED --add-opens=java.prefs/java.util.prefs=ALL-UNNAMED --add-opens=java.base/java.nio.charset=ALL-UNNAMED --add-opens=java.base/java.net=ALL-UNNAMED --add-opens=java.base/java.util.concurrent.atomic=ALL-UNNAMED -Xmx2048m -Dfile.encoding=UTF-8 -Duser.country=US -Duser.language=en -Duser.variant 
java_command: org.gradle.launcher.daemon.bootstrap.GradleDaemon 7.3.3
java_class_path (initial): C:\Users\Admin\.gradle\wrapper\dists\gradle-7.3.3-bin\6a41zxkdtcxs8rphpq6y0069z\gradle-7.3.3\lib\gradle-launcher-7.3.3.jar
Launcher Type: SUN_STANDARD

[Global flags]
     intx CICompilerCount                          = 4                                         {product} {ergonomic}
     uint ConcGCThreads                            = 3                                         {product} {ergonomic}
     uint G1ConcRefinementThreads                  = 10                                        {product} {ergonomic}
   size_t G1HeapRegionSize                         = 1048576                                   {product} {ergonomic}
    uintx GCDrainStackTargetSize                   = 64                                        {product} {ergonomic}
   size_t InitialHeapSize                          = 266338304                                 {product} {ergonomic}
   size_t MarkStackSize                            = 4194304                                   {product} {ergonomic}
   size_t MaxHeapSize                              = 2147483648                                {product} {command line}
   size_t MaxNewSize                               = 1287651328                                {product} {ergonomic}
   size_t MinHeapDeltaBytes                        = 1048576                                   {product} {ergonomic}
    uintx NonNMethodCodeHeapSize                   = 5836300                                {pd product} {ergonomic}
    uintx NonProfiledCodeHeapSize                  = 122910970                              {pd product} {ergonomic}
    uintx ProfiledCodeHeapSize                     = 122910970                              {pd product} {ergonomic}
    uintx ReservedCodeCacheSize                    = 251658240                              {pd product} {ergonomic}
     bool SegmentedCodeCache                       = true                                      {product} {ergonomic}
     bool UseCompressedClassPointers               = true                                 {lp64_product} {ergonomic}
     bool UseCompressedOops                        = true                                 {lp64_product} {ergonomic}
     bool UseG1GC                                  = true                                      {product} {ergonomic}
     bool UseLargePagesIndividualAllocation        = false                                  {pd product} {ergonomic}

Logging:
Log output configuration:
 #0: stdout all=warning uptime,level,tags
 #1: stderr all=off uptime,level,tags

Environment Variables:
PATH=E:\WINDOWS.X64_193000_db_home\bin;C:\Program Files\Microsoft MPI\Bin\;C:\ProgramData\Oracle\Java\javapath;C:\WINDOWS\system32;C:\WINDOWS;C:\WINDOWS\System32\Wbem;C:\WINDOWS\System32\WindowsPowerShell\v1.0\;C:\Program Files\RStudio\bin;C:\Program Files\R\R-4.1.3\bin;C:\WINDOWS\System32\OpenSSH\;C:\Program Files\Microsoft SQL Server\Client SDK\ODBC\170\Tools\Binn\;C:\Program Files (x86)\Microsoft SQL Server\150\Tools\Binn\;C:\Program Files\Microsoft SQL Server\150\Tools\Binn\;C:\Program Files\Microsoft SQL Server\150\DTS\Binn\;C:\WINDOWS\system32;C:\WINDOWS;C:\WINDOWS\System32\Wbem;C:\WINDOWS\System32\WindowsPowerShell\v1.0\;C:\WINDOWS\System32\OpenSSH\;C:\Program Files (x86)\Microsoft SQL Server\150\DTS\Binn\;C:\Program Files\Azure Data Studio\bin;C:\Program Files\Microsoft SQL Server\130\Tools\Binn\;C:\Program Files (x86)\Microsoft SQL Server\110\DTS\Binn\;C:\Program Files (x86)\Microsoft SQL Server\120\DTS\Binn\;C:\Program Files (x86)\Microsoft SQL Server\130\DTS\Binn\;C:\Program Files (x86)\Microsoft SQL Server\140\DTS\Binn\;C:\Program Files\Git\cmd;C:\Program Files\dotnet\;C:\Users\Admin\AppData\Local\Programs\Python\Python310\Scripts\;C:\Users\Admin\AppData\Local\Programs\Python\Python310\;C:\Users\Admin\AppData\Local\Microsoft\WindowsApps;C:\Program Files\Azure Data Studio\bin;C:\Users\Admin\AppData\Local\GitHubDesktop\bin;C:\Users\Admin\.dotnet\tools;E:\Microsoft VS Code\bin
USERNAME=Admin
OS=Windows_NT
PROCESSOR_IDENTIFIER=Intel64 Family 6 Model 158 Stepping 13, GenuineIntel



---------------  S Y S T E M  ---------------

OS: Windows 10 , 64 bit Build 19041 (10.0.19041.1706)
OS uptime: 0 days 1:16 hours

CPU:total 12 (initial active 12) (6 cores per cpu, 2 threads per core) family 6 model 158 stepping 13 microcode 0xd2, cmov, cx8, fxsr, mmx, sse, sse2, sse3, ssse3, sse4.1, sse4.2, popcnt, avx, avx2, aes, clmul, erms, 3dnowpref, lzcnt, ht, tsc, tscinvbit, bmi1, bmi2, adx, fma

Memory: 4k page, system-wide physical 16235M (4195M free)
TotalPageFile size 22976M (AvailPageFile size 5M)
current process WorkingSet (physical memory assigned to process): 669M, peak: 688M
current process commit charge ("private bytes"): 770M, peak: 786M

vm_info: OpenJDK 64-Bit Server VM (11.0.11+9-b60-7590822) for windows-amd64 JRE (11.0.11+9-b60-7590822), built on Jul 29 2021 21:43:44 by "builder" with MS VC++ 14.0 (VS2015)

END.
